{"C:\\Users\\USUARIO\\OneDrive\\Escritorio\\laboratoria\\proyecto5\\DEV013-fleet-management-api\\src\\app.ts": {"path":"C:\\Users\\USUARIO\\OneDrive\\Escritorio\\laboratoria\\proyecto5\\DEV013-fleet-management-api\\src\\app.ts","statementMap":{"0":{"start":{"line":1,"column":0},"end":{"line":1,"column":66}},"1":{"start":{"line":2,"column":0},"end":{"line":2,"column":43}},"2":{"start":{"line":3,"column":0},"end":{"line":3,"column":61}},"3":{"start":{"line":5,"column":0},"end":{"line":5,"column":43}},"4":{"start":{"line":6,"column":0},"end":{"line":6,"column":41}},"5":{"start":{"line":7,"column":0},"end":{"line":7,"column":41}},"6":{"start":{"line":10,"column":25},"end":{"line":10,"column":34}},"7":{"start":{"line":14,"column":0},"end":{"line":14,"column":24}},"8":{"start":{"line":16,"column":14},"end":{"line":16,"column":35}},"9":{"start":{"line":17,"column":0},"end":{"line":17,"column":null}},"10":{"start":{"line":20,"column":0},"end":{"line":20,"column":36}},"11":{"start":{"line":25,"column":0},"end":{"line":25,"column":19}}},"fnMap":{},"branchMap":{},"s":{"0":2,"1":2,"2":2,"3":2,"4":2,"5":2,"6":2,"7":2,"8":2,"9":2,"10":2,"11":2},"f":{},"b":{}}
,"C:\\Users\\USUARIO\\OneDrive\\Escritorio\\laboratoria\\proyecto5\\DEV013-fleet-management-api\\src\\db.ts": {"path":"C:\\Users\\USUARIO\\OneDrive\\Escritorio\\laboratoria\\proyecto5\\DEV013-fleet-management-api\\src\\db.ts","statementMap":{"0":{"start":{"line":1,"column":0},"end":{"line":1,"column":45}},"1":{"start":{"line":2,"column":15},"end":{"line":2,"column":33}},"2":{"start":{"line":5,"column":0},"end":{"line":5,"column":null}}},"fnMap":{},"branchMap":{},"s":{"0":2,"1":2,"2":2},"f":{},"b":{}}
,"C:\\Users\\USUARIO\\OneDrive\\Escritorio\\laboratoria\\proyecto5\\DEV013-fleet-management-api\\src\\swaggerOption.ts": {"path":"C:\\Users\\USUARIO\\OneDrive\\Escritorio\\laboratoria\\proyecto5\\DEV013-fleet-management-api\\src\\swaggerOption.ts","statementMap":{"0":{"start":{"line":1,"column":13},"end":{"line":78,"column":null}}},"fnMap":{},"branchMap":{},"s":{"0":2},"f":{},"b":{}}
,"C:\\Users\\USUARIO\\OneDrive\\Escritorio\\laboratoria\\proyecto5\\DEV013-fleet-management-api\\src\\controller\\taxis_controller.ts": {"path":"C:\\Users\\USUARIO\\OneDrive\\Escritorio\\laboratoria\\proyecto5\\DEV013-fleet-management-api\\src\\controller\\taxis_controller.ts","statementMap":{"0":{"start":{"line":3,"column":0},"end":{"line":3,"column":47}},"1":{"start":{"line":6,"column":36},"end":{"line":19,"column":null}},"2":{"start":{"line":6,"column":55},"end":{"line":19,"column":null}},"3":{"start":{"line":7,"column":4},"end":{"line":18,"column":7}},"4":{"start":{"line":9,"column":30},"end":{"line":9,"column":64}},"5":{"start":{"line":10,"column":30},"end":{"line":10,"column":64}},"6":{"start":{"line":11,"column":8},"end":{"line":13,"column":9}},"7":{"start":{"line":12,"column":10},"end":{"line":12,"column":118}},"8":{"start":{"line":14,"column":22},"end":{"line":14,"column":64}},"9":{"start":{"line":15,"column":8},"end":{"line":15,"column":36}},"10":{"start":{"line":17,"column":8},"end":{"line":17,"column":null}},"11":{"start":{"line":6,"column":13},"end":{"line":6,"column":36}}},"fnMap":{"0":{"name":"(anonymous_7)","decl":{"start":{"line":6,"column":36},"end":{"line":6,"column":43}},"loc":{"start":{"line":6,"column":55},"end":{"line":19,"column":null}}},"1":{"name":"(anonymous_8)","decl":{"start":{"line":6,"column":55},"end":{"line":6,"column":null}},"loc":{"start":{"line":6,"column":55},"end":{"line":19,"column":1}}}},"branchMap":{"0":{"loc":{"start":{"line":11,"column":8},"end":{"line":13,"column":9}},"type":"if","locations":[{"start":{"line":11,"column":8},"end":{"line":13,"column":9}}]},"1":{"loc":{"start":{"line":11,"column":12},"end":{"line":11,"column":26}},"type":"binary-expr","locations":[{"start":{"line":11,"column":12},"end":{"line":11,"column":17}},{"start":{"line":11,"column":21},"end":{"line":11,"column":26}}]}},"s":{"0":2,"1":2,"2":3,"3":3,"4":3,"5":3,"6":3,"7":1,"8":2,"9":2,"10":0,"11":2},"f":{"0":3,"1":3},"b":{"0":[1],"1":[3,2]}}
,"C:\\Users\\USUARIO\\OneDrive\\Escritorio\\laboratoria\\proyecto5\\DEV013-fleet-management-api\\src\\controller\\trajectories_controller.ts": {"path":"C:\\Users\\USUARIO\\OneDrive\\Escritorio\\laboratoria\\proyecto5\\DEV013-fleet-management-api\\src\\controller\\trajectories_controller.ts","statementMap":{"0":{"start":{"line":3,"column":0},"end":{"line":3,"column":78}},"1":{"start":{"line":6,"column":36},"end":{"line":20,"column":null}},"2":{"start":{"line":6,"column":55},"end":{"line":20,"column":null}},"3":{"start":{"line":7,"column":8},"end":{"line":19,"column":9}},"4":{"start":{"line":8,"column":34},"end":{"line":8,"column":71}},"5":{"start":{"line":9,"column":34},"end":{"line":9,"column":72}},"6":{"start":{"line":10,"column":31},"end":{"line":10,"column":48}},"7":{"start":{"line":12,"column":12},"end":{"line":14,"column":13}},"8":{"start":{"line":13,"column":12},"end":{"line":13,"column":120}},"9":{"start":{"line":15,"column":33},"end":{"line":15,"column":79}},"10":{"start":{"line":16,"column":12},"end":{"line":16,"column":54}},"11":{"start":{"line":18,"column":12},"end":{"line":18,"column":null}},"12":{"start":{"line":52,"column":9},"end":{"line":52,"column":27}},"13":{"start":{"line":23,"column":36},"end":{"line":49,"column":null}},"14":{"start":{"line":23,"column":54},"end":{"line":49,"column":null}},"15":{"start":{"line":24,"column":8},"end":{"line":48,"column":9}},"16":{"start":{"line":25,"column":29},"end":{"line":25,"column":38}},"17":{"start":{"line":26,"column":25},"end":{"line":26,"column":35}},"18":{"start":{"line":27,"column":28},"end":{"line":27,"column":52}},"19":{"start":{"line":29,"column":12},"end":{"line":31,"column":15}},"20":{"start":{"line":30,"column":16},"end":{"line":30,"column":null}},"21":{"start":{"line":33,"column":34},"end":{"line":33,"column":71}},"22":{"start":{"line":34,"column":34},"end":{"line":34,"column":72}},"23":{"start":{"line":35,"column":31},"end":{"line":35,"column":48}},"24":{"start":{"line":37,"column":12},"end":{"line":37,"column":51}},"25":{"start":{"line":39,"column":33},"end":{"line":39,"column":120}},"26":{"start":{"line":41,"column":12},"end":{"line":43,"column":13}},"27":{"start":{"line":42,"column":16},"end":{"line":42,"column":119}},"28":{"start":{"line":44,"column":12},"end":{"line":44,"column":null}},"29":{"start":{"line":46,"column":12},"end":{"line":46,"column":null}},"30":{"start":{"line":52,"column":29},"end":{"line":52,"column":47}}},"fnMap":{"0":{"name":"(anonymous_7)","decl":{"start":{"line":6,"column":36},"end":{"line":6,"column":43}},"loc":{"start":{"line":6,"column":55},"end":{"line":20,"column":null}}},"1":{"name":"(anonymous_8)","decl":{"start":{"line":6,"column":55},"end":{"line":6,"column":null}},"loc":{"start":{"line":6,"column":55},"end":{"line":20,"column":5}}},"2":{"name":"(anonymous_9)","decl":{"start":{"line":23,"column":36},"end":{"line":23,"column":43}},"loc":{"start":{"line":23,"column":54},"end":{"line":49,"column":null}}},"3":{"name":"(anonymous_10)","decl":{"start":{"line":23,"column":54},"end":{"line":23,"column":null}},"loc":{"start":{"line":23,"column":54},"end":{"line":49,"column":5}}}},"branchMap":{"0":{"loc":{"start":{"line":8,"column":34},"end":{"line":8,"column":71}},"type":"binary-expr","locations":[{"start":{"line":8,"column":34},"end":{"line":8,"column":68}},{"start":{"line":8,"column":70},"end":{"line":8,"column":71}}]},"1":{"loc":{"start":{"line":9,"column":34},"end":{"line":9,"column":72}},"type":"binary-expr","locations":[{"start":{"line":9,"column":34},"end":{"line":9,"column":68}},{"start":{"line":9,"column":70},"end":{"line":9,"column":72}}]},"2":{"loc":{"start":{"line":12,"column":12},"end":{"line":14,"column":13}},"type":"if","locations":[{"start":{"line":12,"column":12},"end":{"line":14,"column":13}}]},"3":{"loc":{"start":{"line":12,"column":16},"end":{"line":12,"column":30}},"type":"binary-expr","locations":[{"start":{"line":12,"column":16},"end":{"line":12,"column":21}},{"start":{"line":12,"column":25},"end":{"line":12,"column":30}}]},"4":{"loc":{"start":{"line":29,"column":12},"end":{"line":31,"column":15}},"type":"if","locations":[{"start":{"line":29,"column":12},"end":{"line":31,"column":15}}]},"5":{"loc":{"start":{"line":29,"column":16},"end":{"line":29,"column":28}},"type":"binary-expr","locations":[{"start":{"line":29,"column":16},"end":{"line":29,"column":19}},{"start":{"line":29,"column":23},"end":{"line":29,"column":28}}]},"6":{"loc":{"start":{"line":33,"column":34},"end":{"line":33,"column":71}},"type":"binary-expr","locations":[{"start":{"line":33,"column":34},"end":{"line":33,"column":68}},{"start":{"line":33,"column":70},"end":{"line":33,"column":71}}]},"7":{"loc":{"start":{"line":34,"column":34},"end":{"line":34,"column":72}},"type":"binary-expr","locations":[{"start":{"line":34,"column":34},"end":{"line":34,"column":68}},{"start":{"line":34,"column":70},"end":{"line":34,"column":72}}]},"8":{"loc":{"start":{"line":41,"column":12},"end":{"line":43,"column":13}},"type":"if","locations":[{"start":{"line":41,"column":12},"end":{"line":43,"column":13}}]}},"s":{"0":2,"1":2,"2":4,"3":4,"4":4,"5":4,"6":4,"7":4,"8":1,"9":3,"10":3,"11":0,"12":2,"13":2,"14":0,"15":0,"16":0,"17":0,"18":0,"19":0,"20":0,"21":0,"22":0,"23":0,"24":0,"25":0,"26":0,"27":0,"28":0,"29":0,"30":2},"f":{"0":4,"1":4,"2":0,"3":0},"b":{"0":[4,1],"1":[4,1],"2":[1],"3":[4,3],"4":[0],"5":[0,0],"6":[0,0],"7":[0,0],"8":[0]}}
,"C:\\Users\\USUARIO\\OneDrive\\Escritorio\\laboratoria\\proyecto5\\DEV013-fleet-management-api\\src\\routes\\taxis_routes.ts": {"path":"C:\\Users\\USUARIO\\OneDrive\\Escritorio\\laboratoria\\proyecto5\\DEV013-fleet-management-api\\src\\routes\\taxis_routes.ts","statementMap":{"0":{"start":{"line":1,"column":0},"end":{"line":1,"column":42}},"1":{"start":{"line":2,"column":0},"end":{"line":2,"column":60}},"2":{"start":{"line":3,"column":23},"end":{"line":3,"column":39}},"3":{"start":{"line":39,"column":0},"end":{"line":39,"column":34}},"4":{"start":{"line":42,"column":0},"end":{"line":42,"column":22}}},"fnMap":{},"branchMap":{},"s":{"0":2,"1":2,"2":2,"3":2,"4":2},"f":{},"b":{}}
,"C:\\Users\\USUARIO\\OneDrive\\Escritorio\\laboratoria\\proyecto5\\DEV013-fleet-management-api\\src\\routes\\trajectories_routes.ts": {"path":"C:\\Users\\USUARIO\\OneDrive\\Escritorio\\laboratoria\\proyecto5\\DEV013-fleet-management-api\\src\\routes\\trajectories_routes.ts","statementMap":{"0":{"start":{"line":1,"column":0},"end":{"line":1,"column":42}},"1":{"start":{"line":2,"column":0},"end":{"line":2,"column":93}},"2":{"start":{"line":4,"column":35},"end":{"line":4,"column":51}},"3":{"start":{"line":40,"column":0},"end":{"line":40,"column":61}},"4":{"start":{"line":73,"column":0},"end":{"line":73,"column":65}},"5":{"start":{"line":78,"column":0},"end":{"line":78,"column":34}}},"fnMap":{},"branchMap":{},"s":{"0":2,"1":2,"2":2,"3":2,"4":2,"5":2},"f":{},"b":{}}
,"C:\\Users\\USUARIO\\OneDrive\\Escritorio\\laboratoria\\proyecto5\\DEV013-fleet-management-api\\src\\services\\db_taxis.ts": {"path":"C:\\Users\\USUARIO\\OneDrive\\Escritorio\\laboratoria\\proyecto5\\DEV013-fleet-management-api\\src\\services\\db_taxis.ts","statementMap":{"0":{"start":{"line":1,"column":0},"end":{"line":1,"column":26}},"1":{"start":{"line":3,"column":24},"end":{"line":9,"column":null}},"2":{"start":{"line":3,"column":63},"end":{"line":9,"column":null}},"3":{"start":{"line":4,"column":20},"end":{"line":7,"column":6}},"4":{"start":{"line":8,"column":4},"end":{"line":8,"column":19}},"5":{"start":{"line":3,"column":13},"end":{"line":3,"column":24}}},"fnMap":{"0":{"name":"(anonymous_8)","decl":{"start":{"line":3,"column":24},"end":{"line":3,"column":32}},"loc":{"start":{"line":3,"column":63},"end":{"line":9,"column":null}}},"1":{"name":"(anonymous_9)","decl":{"start":{"line":3,"column":63},"end":{"line":3,"column":null}},"loc":{"start":{"line":3,"column":63},"end":{"line":9,"column":1}}}},"branchMap":{},"s":{"0":2,"1":2,"2":2,"3":2,"4":2,"5":2},"f":{"0":2,"1":2},"b":{}}
,"C:\\Users\\USUARIO\\OneDrive\\Escritorio\\laboratoria\\proyecto5\\DEV013-fleet-management-api\\src\\services\\db_trajectories.ts": {"path":"C:\\Users\\USUARIO\\OneDrive\\Escritorio\\laboratoria\\proyecto5\\DEV013-fleet-management-api\\src\\services\\db_trajectories.ts","statementMap":{"0":{"start":{"line":1,"column":0},"end":{"line":1,"column":26}},"1":{"start":{"line":3,"column":31},"end":{"line":9,"column":null}},"2":{"start":{"line":3,"column":83},"end":{"line":9,"column":null}},"3":{"start":{"line":4,"column":25},"end":{"line":7,"column":6}},"4":{"start":{"line":8,"column":4},"end":{"line":8,"column":24}},"5":{"start":{"line":3,"column":13},"end":{"line":3,"column":31}},"6":{"start":{"line":11,"column":31},"end":{"line":28,"column":2}},"7":{"start":{"line":11,"column":91},"end":{"line":28,"column":2}},"8":{"start":{"line":12,"column":20},"end":{"line":12,"column":34}},"9":{"start":{"line":14,"column":4},"end":{"line":14,"column":43}},"10":{"start":{"line":15,"column":32},"end":{"line":26,"column":6}},"11":{"start":{"line":27,"column":4},"end":{"line":27,"column":30}},"12":{"start":{"line":11,"column":13},"end":{"line":11,"column":31}}},"fnMap":{"0":{"name":"(anonymous_8)","decl":{"start":{"line":3,"column":31},"end":{"line":3,"column":38}},"loc":{"start":{"line":3,"column":83},"end":{"line":9,"column":null}}},"1":{"name":"(anonymous_9)","decl":{"start":{"line":3,"column":83},"end":{"line":3,"column":null}},"loc":{"start":{"line":3,"column":83},"end":{"line":9,"column":1}}},"2":{"name":"(anonymous_10)","decl":{"start":{"line":11,"column":31},"end":{"line":11,"column":37}},"loc":{"start":{"line":11,"column":91},"end":{"line":28,"column":2}}},"3":{"name":"(anonymous_11)","decl":{"start":{"line":11,"column":91},"end":{"line":11,"column":null}},"loc":{"start":{"line":11,"column":91},"end":{"line":28,"column":1}}}},"branchMap":{},"s":{"0":2,"1":2,"2":3,"3":3,"4":3,"5":2,"6":2,"7":0,"8":0,"9":0,"10":0,"11":0,"12":2},"f":{"0":3,"1":3,"2":0,"3":0},"b":{}}
}
