{"C:\\Users\\USUARIO\\OneDrive\\Escritorio\\laboratoria\\proyecto5\\DEV013-fleet-management-api\\build\\app.js": {"path":"C:\\Users\\USUARIO\\OneDrive\\Escritorio\\laboratoria\\proyecto5\\DEV013-fleet-management-api\\build\\app.js","statementMap":{"0":{"start":{"line":2,"column":22},"end":{"line":4,"column":1}},"1":{"start":{"line":3,"column":4},"end":{"line":3,"column":62}},"2":{"start":{"line":5,"column":0},"end":{"line":5,"column":62}},"3":{"start":{"line":6,"column":18},"end":{"line":6,"column":53}},"4":{"start":{"line":7,"column":23},"end":{"line":7,"column":72}},"5":{"start":{"line":8,"column":30},"end":{"line":8,"column":86}},"6":{"start":{"line":10,"column":29},"end":{"line":10,"column":75}},"7":{"start":{"line":11,"column":24},"end":{"line":11,"column":65}},"8":{"start":{"line":12,"column":24},"end":{"line":12,"column":50}},"9":{"start":{"line":13,"column":12},"end":{"line":13,"column":36}},"10":{"start":{"line":15,"column":0},"end":{"line":15,"column":34}},"11":{"start":{"line":16,"column":14},"end":{"line":16,"column":67}},"12":{"start":{"line":17,"column":0},"end":{"line":17,"column":105}},"13":{"start":{"line":19,"column":0},"end":{"line":19,"column":63}},"14":{"start":{"line":23,"column":0},"end":{"line":23,"column":22}}},"fnMap":{"0":{"name":"(anonymous_0)","decl":{"start":{"line":2,"column":56},"end":{"line":2,"column":57}},"loc":{"start":{"line":2,"column":71},"end":{"line":4,"column":1}},"line":2}},"branchMap":{"0":{"loc":{"start":{"line":2,"column":22},"end":{"line":4,"column":1}},"type":"binary-expr","locations":[{"start":{"line":2,"column":23},"end":{"line":2,"column":27}},{"start":{"line":2,"column":31},"end":{"line":2,"column":51}},{"start":{"line":2,"column":56},"end":{"line":4,"column":1}}],"line":2},"1":{"loc":{"start":{"line":3,"column":11},"end":{"line":3,"column":61}},"type":"cond-expr","locations":[{"start":{"line":3,"column":37},"end":{"line":3,"column":40}},{"start":{"line":3,"column":43},"end":{"line":3,"column":61}}],"line":3},"2":{"loc":{"start":{"line":3,"column":12},"end":{"line":3,"column":33}},"type":"binary-expr","locations":[{"start":{"line":3,"column":12},"end":{"line":3,"column":15}},{"start":{"line":3,"column":19},"end":{"line":3,"column":33}}],"line":3}},"s":{"0":2,"1":10,"2":2,"3":2,"4":2,"5":2,"6":2,"7":2,"8":2,"9":2,"10":2,"11":2,"12":2,"13":2,"14":2},"f":{"0":10},"b":{"0":[2,2,2],"1":[4,6],"2":[10,10]},"inputSourceMap":null,"_coverageSchema":"1a1c01bbd47fc00a2c39e90264f33305004495a9","hash":"ac617dde210c264896145b5accce30f0371d8391"}
,"C:\\Users\\USUARIO\\OneDrive\\Escritorio\\laboratoria\\proyecto5\\DEV013-fleet-management-api\\build\\db.js": {"path":"C:\\Users\\USUARIO\\OneDrive\\Escritorio\\laboratoria\\proyecto5\\DEV013-fleet-management-api\\build\\db.js","statementMap":{"0":{"start":{"line":2,"column":0},"end":{"line":2,"column":62}},"1":{"start":{"line":3,"column":17},"end":{"line":3,"column":42}},"2":{"start":{"line":4,"column":15},"end":{"line":4,"column":42}},"3":{"start":{"line":5,"column":0},"end":{"line":5,"column":25}}},"fnMap":{},"branchMap":{},"s":{"0":2,"1":2,"2":2,"3":2},"f":{},"b":{},"inputSourceMap":null,"_coverageSchema":"1a1c01bbd47fc00a2c39e90264f33305004495a9","hash":"5b846525d6e072f2a46a237b1fcb1f73e1e6120e"}
,"C:\\Users\\USUARIO\\OneDrive\\Escritorio\\laboratoria\\proyecto5\\DEV013-fleet-management-api\\build\\swaggerOption.js": {"path":"C:\\Users\\USUARIO\\OneDrive\\Escritorio\\laboratoria\\proyecto5\\DEV013-fleet-management-api\\build\\swaggerOption.js","statementMap":{"0":{"start":{"line":2,"column":0},"end":{"line":2,"column":62}},"1":{"start":{"line":3,"column":0},"end":{"line":3,"column":25}},"2":{"start":{"line":4,"column":0},"end":{"line":81,"column":2}}},"fnMap":{},"branchMap":{},"s":{"0":2,"1":2,"2":2},"f":{},"b":{},"inputSourceMap":null,"_coverageSchema":"1a1c01bbd47fc00a2c39e90264f33305004495a9","hash":"ffda25cf229261e8643cd9ce0e764ea67d5ba077"}
,"C:\\Users\\USUARIO\\OneDrive\\Escritorio\\laboratoria\\proyecto5\\DEV013-fleet-management-api\\build\\controller\\taxis_controller.js": {"path":"C:\\Users\\USUARIO\\OneDrive\\Escritorio\\laboratoria\\proyecto5\\DEV013-fleet-management-api\\build\\controller\\taxis_controller.js","statementMap":{"0":{"start":{"line":2,"column":16},"end":{"line":10,"column":1}},"1":{"start":{"line":3,"column":28},"end":{"line":3,"column":110}},"2":{"start":{"line":3,"column":91},"end":{"line":3,"column":106}},"3":{"start":{"line":4,"column":4},"end":{"line":9,"column":7}},"4":{"start":{"line":5,"column":36},"end":{"line":5,"column":97}},"5":{"start":{"line":5,"column":42},"end":{"line":5,"column":70}},"6":{"start":{"line":5,"column":85},"end":{"line":5,"column":95}},"7":{"start":{"line":6,"column":35},"end":{"line":6,"column":100}},"8":{"start":{"line":6,"column":41},"end":{"line":6,"column":73}},"9":{"start":{"line":6,"column":88},"end":{"line":6,"column":98}},"10":{"start":{"line":7,"column":32},"end":{"line":7,"column":116}},"11":{"start":{"line":8,"column":8},"end":{"line":8,"column":78}},"12":{"start":{"line":11,"column":0},"end":{"line":11,"column":62}},"13":{"start":{"line":12,"column":0},"end":{"line":12,"column":29}},"14":{"start":{"line":13,"column":19},"end":{"line":13,"column":50}},"15":{"start":{"line":15,"column":20},"end":{"line":29,"column":2}},"16":{"start":{"line":15,"column":34},"end":{"line":29,"column":2}},"17":{"start":{"line":16,"column":4},"end":{"line":28,"column":5}},"18":{"start":{"line":18,"column":21},"end":{"line":18,"column":45}},"19":{"start":{"line":19,"column":21},"end":{"line":19,"column":45}},"20":{"start":{"line":20,"column":8},"end":{"line":22,"column":9}},"21":{"start":{"line":21,"column":12},"end":{"line":21,"column":120}},"22":{"start":{"line":23,"column":22},"end":{"line":23,"column":80}},"23":{"start":{"line":24,"column":8},"end":{"line":24,"column":36}},"24":{"start":{"line":27,"column":8},"end":{"line":27,"column":73}},"25":{"start":{"line":30,"column":0},"end":{"line":30,"column":34}}},"fnMap":{"0":{"name":"(anonymous_0)","decl":{"start":{"line":2,"column":44},"end":{"line":2,"column":45}},"loc":{"start":{"line":2,"column":89},"end":{"line":10,"column":1}},"line":2},"1":{"name":"adopt","decl":{"start":{"line":3,"column":13},"end":{"line":3,"column":18}},"loc":{"start":{"line":3,"column":26},"end":{"line":3,"column":112}},"line":3},"2":{"name":"(anonymous_2)","decl":{"start":{"line":3,"column":70},"end":{"line":3,"column":71}},"loc":{"start":{"line":3,"column":89},"end":{"line":3,"column":108}},"line":3},"3":{"name":"(anonymous_3)","decl":{"start":{"line":4,"column":36},"end":{"line":4,"column":37}},"loc":{"start":{"line":4,"column":63},"end":{"line":9,"column":5}},"line":4},"4":{"name":"fulfilled","decl":{"start":{"line":5,"column":17},"end":{"line":5,"column":26}},"loc":{"start":{"line":5,"column":34},"end":{"line":5,"column":99}},"line":5},"5":{"name":"rejected","decl":{"start":{"line":6,"column":17},"end":{"line":6,"column":25}},"loc":{"start":{"line":6,"column":33},"end":{"line":6,"column":102}},"line":6},"6":{"name":"step","decl":{"start":{"line":7,"column":17},"end":{"line":7,"column":21}},"loc":{"start":{"line":7,"column":30},"end":{"line":7,"column":118}},"line":7},"7":{"name":"(anonymous_7)","decl":{"start":{"line":15,"column":20},"end":{"line":15,"column":21}},"loc":{"start":{"line":15,"column":34},"end":{"line":29,"column":2}},"line":15},"8":{"name":"(anonymous_8)","decl":{"start":{"line":15,"column":68},"end":{"line":15,"column":69}},"loc":{"start":{"line":15,"column":81},"end":{"line":29,"column":1}},"line":15}},"branchMap":{"0":{"loc":{"start":{"line":2,"column":16},"end":{"line":10,"column":1}},"type":"binary-expr","locations":[{"start":{"line":2,"column":17},"end":{"line":2,"column":21}},{"start":{"line":2,"column":25},"end":{"line":2,"column":39}},{"start":{"line":2,"column":44},"end":{"line":10,"column":1}}],"line":2},"1":{"loc":{"start":{"line":3,"column":35},"end":{"line":3,"column":109}},"type":"cond-expr","locations":[{"start":{"line":3,"column":56},"end":{"line":3,"column":61}},{"start":{"line":3,"column":64},"end":{"line":3,"column":109}}],"line":3},"2":{"loc":{"start":{"line":4,"column":16},"end":{"line":4,"column":34}},"type":"binary-expr","locations":[{"start":{"line":4,"column":16},"end":{"line":4,"column":17}},{"start":{"line":4,"column":22},"end":{"line":4,"column":33}}],"line":4},"3":{"loc":{"start":{"line":7,"column":32},"end":{"line":7,"column":115}},"type":"cond-expr","locations":[{"start":{"line":7,"column":46},"end":{"line":7,"column":67}},{"start":{"line":7,"column":70},"end":{"line":7,"column":115}}],"line":7},"4":{"loc":{"start":{"line":8,"column":51},"end":{"line":8,"column":67}},"type":"binary-expr","locations":[{"start":{"line":8,"column":51},"end":{"line":8,"column":61}},{"start":{"line":8,"column":65},"end":{"line":8,"column":67}}],"line":8},"5":{"loc":{"start":{"line":20,"column":8},"end":{"line":22,"column":9}},"type":"if","locations":[{"start":{"line":20,"column":8},"end":{"line":22,"column":9}},{"start":{},"end":{}}],"line":20},"6":{"loc":{"start":{"line":20,"column":12},"end":{"line":20,"column":26}},"type":"binary-expr","locations":[{"start":{"line":20,"column":12},"end":{"line":20,"column":17}},{"start":{"line":20,"column":21},"end":{"line":20,"column":26}}],"line":20}},"s":{"0":2,"1":2,"2":0,"3":3,"4":2,"5":2,"6":0,"7":0,"8":0,"9":0,"10":5,"11":3,"12":2,"13":2,"14":2,"15":2,"16":3,"17":3,"18":3,"19":3,"20":3,"21":1,"22":2,"23":2,"24":0,"25":2},"f":{"0":3,"1":2,"2":0,"3":3,"4":2,"5":0,"6":5,"7":3,"8":3},"b":{"0":[2,2,2],"1":[2,0],"2":[3,3],"3":[3,2],"4":[3,3],"5":[1,2],"6":[3,2]},"inputSourceMap":null,"_coverageSchema":"1a1c01bbd47fc00a2c39e90264f33305004495a9","hash":"81d420dfc0366aef267a6ea4a89ef119be06e540"}
,"C:\\Users\\USUARIO\\OneDrive\\Escritorio\\laboratoria\\proyecto5\\DEV013-fleet-management-api\\build\\controller\\trajectories_controller.js": {"path":"C:\\Users\\USUARIO\\OneDrive\\Escritorio\\laboratoria\\proyecto5\\DEV013-fleet-management-api\\build\\controller\\trajectories_controller.js","statementMap":{"0":{"start":{"line":2,"column":16},"end":{"line":10,"column":1}},"1":{"start":{"line":3,"column":28},"end":{"line":3,"column":110}},"2":{"start":{"line":3,"column":91},"end":{"line":3,"column":106}},"3":{"start":{"line":4,"column":4},"end":{"line":9,"column":7}},"4":{"start":{"line":5,"column":36},"end":{"line":5,"column":97}},"5":{"start":{"line":5,"column":42},"end":{"line":5,"column":70}},"6":{"start":{"line":5,"column":85},"end":{"line":5,"column":95}},"7":{"start":{"line":6,"column":35},"end":{"line":6,"column":100}},"8":{"start":{"line":6,"column":41},"end":{"line":6,"column":73}},"9":{"start":{"line":6,"column":88},"end":{"line":6,"column":98}},"10":{"start":{"line":7,"column":32},"end":{"line":7,"column":116}},"11":{"start":{"line":8,"column":8},"end":{"line":8,"column":78}},"12":{"start":{"line":11,"column":0},"end":{"line":11,"column":62}},"13":{"start":{"line":12,"column":0},"end":{"line":12,"column":91}},"14":{"start":{"line":13,"column":26},"end":{"line":13,"column":64}},"15":{"start":{"line":14,"column":27},"end":{"line":31,"column":2}},"16":{"start":{"line":14,"column":41},"end":{"line":31,"column":2}},"17":{"start":{"line":15,"column":4},"end":{"line":30,"column":5}},"18":{"start":{"line":16,"column":21},"end":{"line":16,"column":50}},"19":{"start":{"line":17,"column":21},"end":{"line":17,"column":51}},"20":{"start":{"line":21,"column":27},"end":{"line":21,"column":44}},"21":{"start":{"line":22,"column":8},"end":{"line":24,"column":9}},"22":{"start":{"line":23,"column":12},"end":{"line":23,"column":120}},"23":{"start":{"line":25,"column":29},"end":{"line":25,"column":107}},"24":{"start":{"line":26,"column":8},"end":{"line":26,"column":50}},"25":{"start":{"line":29,"column":8},"end":{"line":29,"column":73}},"26":{"start":{"line":32,"column":0},"end":{"line":32,"column":48}},"27":{"start":{"line":33,"column":27},"end":{"line":55,"column":2}},"28":{"start":{"line":33,"column":41},"end":{"line":55,"column":2}},"29":{"start":{"line":34,"column":4},"end":{"line":54,"column":5}},"30":{"start":{"line":35,"column":25},"end":{"line":35,"column":34}},"31":{"start":{"line":36,"column":23},"end":{"line":36,"column":33}},"32":{"start":{"line":37,"column":24},"end":{"line":37,"column":38}},"33":{"start":{"line":38,"column":8},"end":{"line":40,"column":9}},"34":{"start":{"line":39,"column":12},"end":{"line":39,"column":117}},"35":{"start":{"line":41,"column":21},"end":{"line":41,"column":50}},"36":{"start":{"line":42,"column":21},"end":{"line":42,"column":51}},"37":{"start":{"line":43,"column":27},"end":{"line":43,"column":44}},"38":{"start":{"line":44,"column":8},"end":{"line":44,"column":47}},"39":{"start":{"line":45,"column":29},"end":{"line":45,"column":129}},"40":{"start":{"line":46,"column":8},"end":{"line":46,"column":50}},"41":{"start":{"line":47,"column":8},"end":{"line":49,"column":9}},"42":{"start":{"line":48,"column":12},"end":{"line":48,"column":115}},"43":{"start":{"line":50,"column":8},"end":{"line":50,"column":50}},"44":{"start":{"line":53,"column":8},"end":{"line":53,"column":74}},"45":{"start":{"line":56,"column":0},"end":{"line":56,"column":48}},"46":{"start":{"line":57,"column":24},"end":{"line":96,"column":2}},"47":{"start":{"line":57,"column":38},"end":{"line":96,"column":2}},"48":{"start":{"line":75,"column":4},"end":{"line":95,"column":5}},"49":{"start":{"line":76,"column":31},"end":{"line":76,"column":40}},"50":{"start":{"line":77,"column":8},"end":{"line":79,"column":9}},"51":{"start":{"line":78,"column":12},"end":{"line":78,"column":120}},"52":{"start":{"line":80,"column":24},"end":{"line":80,"column":42}},"53":{"start":{"line":81,"column":24},"end":{"line":81,"column":42}},"54":{"start":{"line":82,"column":8},"end":{"line":84,"column":9}},"55":{"start":{"line":83,"column":12},"end":{"line":83,"column":113}},"56":{"start":{"line":85,"column":8},"end":{"line":87,"column":9}},"57":{"start":{"line":86,"column":12},"end":{"line":86,"column":108}},"58":{"start":{"line":88,"column":8},"end":{"line":88,"column":37}},"59":{"start":{"line":89,"column":8},"end":{"line":89,"column":37}},"60":{"start":{"line":90,"column":25},"end":{"line":90,"column":84}},"61":{"start":{"line":91,"column":8},"end":{"line":91,"column":46}},"62":{"start":{"line":94,"column":8},"end":{"line":94,"column":64}},"63":{"start":{"line":97,"column":0},"end":{"line":97,"column":42}}},"fnMap":{"0":{"name":"(anonymous_0)","decl":{"start":{"line":2,"column":44},"end":{"line":2,"column":45}},"loc":{"start":{"line":2,"column":89},"end":{"line":10,"column":1}},"line":2},"1":{"name":"adopt","decl":{"start":{"line":3,"column":13},"end":{"line":3,"column":18}},"loc":{"start":{"line":3,"column":26},"end":{"line":3,"column":112}},"line":3},"2":{"name":"(anonymous_2)","decl":{"start":{"line":3,"column":70},"end":{"line":3,"column":71}},"loc":{"start":{"line":3,"column":89},"end":{"line":3,"column":108}},"line":3},"3":{"name":"(anonymous_3)","decl":{"start":{"line":4,"column":36},"end":{"line":4,"column":37}},"loc":{"start":{"line":4,"column":63},"end":{"line":9,"column":5}},"line":4},"4":{"name":"fulfilled","decl":{"start":{"line":5,"column":17},"end":{"line":5,"column":26}},"loc":{"start":{"line":5,"column":34},"end":{"line":5,"column":99}},"line":5},"5":{"name":"rejected","decl":{"start":{"line":6,"column":17},"end":{"line":6,"column":25}},"loc":{"start":{"line":6,"column":33},"end":{"line":6,"column":102}},"line":6},"6":{"name":"step","decl":{"start":{"line":7,"column":17},"end":{"line":7,"column":21}},"loc":{"start":{"line":7,"column":30},"end":{"line":7,"column":118}},"line":7},"7":{"name":"(anonymous_7)","decl":{"start":{"line":14,"column":27},"end":{"line":14,"column":28}},"loc":{"start":{"line":14,"column":41},"end":{"line":31,"column":2}},"line":14},"8":{"name":"(anonymous_8)","decl":{"start":{"line":14,"column":75},"end":{"line":14,"column":76}},"loc":{"start":{"line":14,"column":88},"end":{"line":31,"column":1}},"line":14},"9":{"name":"(anonymous_9)","decl":{"start":{"line":33,"column":27},"end":{"line":33,"column":28}},"loc":{"start":{"line":33,"column":41},"end":{"line":55,"column":2}},"line":33},"10":{"name":"(anonymous_10)","decl":{"start":{"line":33,"column":75},"end":{"line":33,"column":76}},"loc":{"start":{"line":33,"column":88},"end":{"line":55,"column":1}},"line":33},"11":{"name":"(anonymous_11)","decl":{"start":{"line":57,"column":24},"end":{"line":57,"column":25}},"loc":{"start":{"line":57,"column":38},"end":{"line":96,"column":2}},"line":57},"12":{"name":"(anonymous_12)","decl":{"start":{"line":57,"column":72},"end":{"line":57,"column":73}},"loc":{"start":{"line":57,"column":85},"end":{"line":96,"column":1}},"line":57}},"branchMap":{"0":{"loc":{"start":{"line":2,"column":16},"end":{"line":10,"column":1}},"type":"binary-expr","locations":[{"start":{"line":2,"column":17},"end":{"line":2,"column":21}},{"start":{"line":2,"column":25},"end":{"line":2,"column":39}},{"start":{"line":2,"column":44},"end":{"line":10,"column":1}}],"line":2},"1":{"loc":{"start":{"line":3,"column":35},"end":{"line":3,"column":109}},"type":"cond-expr","locations":[{"start":{"line":3,"column":56},"end":{"line":3,"column":61}},{"start":{"line":3,"column":64},"end":{"line":3,"column":109}}],"line":3},"2":{"loc":{"start":{"line":4,"column":16},"end":{"line":4,"column":34}},"type":"binary-expr","locations":[{"start":{"line":4,"column":16},"end":{"line":4,"column":17}},{"start":{"line":4,"column":22},"end":{"line":4,"column":33}}],"line":4},"3":{"loc":{"start":{"line":7,"column":32},"end":{"line":7,"column":115}},"type":"cond-expr","locations":[{"start":{"line":7,"column":46},"end":{"line":7,"column":67}},{"start":{"line":7,"column":70},"end":{"line":7,"column":115}}],"line":7},"4":{"loc":{"start":{"line":8,"column":51},"end":{"line":8,"column":67}},"type":"binary-expr","locations":[{"start":{"line":8,"column":51},"end":{"line":8,"column":61}},{"start":{"line":8,"column":65},"end":{"line":8,"column":67}}],"line":8},"5":{"loc":{"start":{"line":16,"column":21},"end":{"line":16,"column":50}},"type":"binary-expr","locations":[{"start":{"line":16,"column":21},"end":{"line":16,"column":45}},{"start":{"line":16,"column":49},"end":{"line":16,"column":50}}],"line":16},"6":{"loc":{"start":{"line":17,"column":21},"end":{"line":17,"column":51}},"type":"binary-expr","locations":[{"start":{"line":17,"column":21},"end":{"line":17,"column":45}},{"start":{"line":17,"column":49},"end":{"line":17,"column":51}}],"line":17},"7":{"loc":{"start":{"line":22,"column":8},"end":{"line":24,"column":9}},"type":"if","locations":[{"start":{"line":22,"column":8},"end":{"line":24,"column":9}},{"start":{},"end":{}}],"line":22},"8":{"loc":{"start":{"line":22,"column":12},"end":{"line":22,"column":26}},"type":"binary-expr","locations":[{"start":{"line":22,"column":12},"end":{"line":22,"column":17}},{"start":{"line":22,"column":21},"end":{"line":22,"column":26}}],"line":22},"9":{"loc":{"start":{"line":38,"column":8},"end":{"line":40,"column":9}},"type":"if","locations":[{"start":{"line":38,"column":8},"end":{"line":40,"column":9}},{"start":{},"end":{}}],"line":38},"10":{"loc":{"start":{"line":38,"column":12},"end":{"line":38,"column":24}},"type":"binary-expr","locations":[{"start":{"line":38,"column":12},"end":{"line":38,"column":15}},{"start":{"line":38,"column":19},"end":{"line":38,"column":24}}],"line":38},"11":{"loc":{"start":{"line":41,"column":21},"end":{"line":41,"column":50}},"type":"binary-expr","locations":[{"start":{"line":41,"column":21},"end":{"line":41,"column":45}},{"start":{"line":41,"column":49},"end":{"line":41,"column":50}}],"line":41},"12":{"loc":{"start":{"line":42,"column":21},"end":{"line":42,"column":51}},"type":"binary-expr","locations":[{"start":{"line":42,"column":21},"end":{"line":42,"column":45}},{"start":{"line":42,"column":49},"end":{"line":42,"column":51}}],"line":42},"13":{"loc":{"start":{"line":47,"column":8},"end":{"line":49,"column":9}},"type":"if","locations":[{"start":{"line":47,"column":8},"end":{"line":49,"column":9}},{"start":{},"end":{}}],"line":47},"14":{"loc":{"start":{"line":77,"column":8},"end":{"line":79,"column":9}},"type":"if","locations":[{"start":{"line":77,"column":8},"end":{"line":79,"column":9}},{"start":{},"end":{}}],"line":77},"15":{"loc":{"start":{"line":77,"column":12},"end":{"line":77,"column":26}},"type":"binary-expr","locations":[{"start":{"line":77,"column":12},"end":{"line":77,"column":17}},{"start":{"line":77,"column":21},"end":{"line":77,"column":26}}],"line":77},"16":{"loc":{"start":{"line":82,"column":8},"end":{"line":84,"column":9}},"type":"if","locations":[{"start":{"line":82,"column":8},"end":{"line":84,"column":9}},{"start":{},"end":{}}],"line":82},"17":{"loc":{"start":{"line":82,"column":12},"end":{"line":82,"column":44}},"type":"binary-expr","locations":[{"start":{"line":82,"column":12},"end":{"line":82,"column":26}},{"start":{"line":82,"column":30},"end":{"line":82,"column":44}}],"line":82},"18":{"loc":{"start":{"line":85,"column":8},"end":{"line":87,"column":9}},"type":"if","locations":[{"start":{"line":85,"column":8},"end":{"line":87,"column":9}},{"start":{},"end":{}}],"line":85},"19":{"loc":{"start":{"line":85,"column":12},"end":{"line":85,"column":38}},"type":"binary-expr","locations":[{"start":{"line":85,"column":12},"end":{"line":85,"column":23}},{"start":{"line":85,"column":27},"end":{"line":85,"column":38}}],"line":85}},"s":{"0":2,"1":7,"2":0,"3":10,"4":7,"5":7,"6":0,"7":0,"8":0,"9":0,"10":17,"11":10,"12":2,"13":2,"14":2,"15":2,"16":4,"17":4,"18":4,"19":4,"20":4,"21":4,"22":1,"23":3,"24":3,"25":0,"26":2,"27":2,"28":4,"29":4,"30":4,"31":4,"32":4,"33":4,"34":1,"35":3,"36":3,"37":3,"38":3,"39":3,"40":3,"41":3,"42":0,"43":3,"44":0,"45":2,"46":2,"47":2,"48":2,"49":2,"50":2,"51":1,"52":1,"53":1,"54":1,"55":0,"56":1,"57":0,"58":1,"59":1,"60":1,"61":1,"62":0,"63":2},"f":{"0":10,"1":7,"2":0,"3":10,"4":7,"5":0,"6":17,"7":4,"8":4,"9":4,"10":4,"11":2,"12":2},"b":{"0":[2,2,2],"1":[7,0],"2":[10,10],"3":[10,7],"4":[10,10],"5":[4,1],"6":[4,1],"7":[1,3],"8":[4,3],"9":[1,3],"10":[4,4],"11":[3,3],"12":[3,3],"13":[0,3],"14":[1,1],"15":[2,1],"16":[0,1],"17":[1,1],"18":[0,1],"19":[1,1]},"inputSourceMap":null,"_coverageSchema":"1a1c01bbd47fc00a2c39e90264f33305004495a9","hash":"18e82fbc636ccfd170297732bf3b636166e91c3b"}
,"C:\\Users\\USUARIO\\OneDrive\\Escritorio\\laboratoria\\proyecto5\\DEV013-fleet-management-api\\build\\routes\\taxis_routes.js": {"path":"C:\\Users\\USUARIO\\OneDrive\\Escritorio\\laboratoria\\proyecto5\\DEV013-fleet-management-api\\build\\routes\\taxis_routes.js","statementMap":{"0":{"start":{"line":2,"column":22},"end":{"line":4,"column":1}},"1":{"start":{"line":3,"column":4},"end":{"line":3,"column":62}},"2":{"start":{"line":5,"column":0},"end":{"line":5,"column":62}},"3":{"start":{"line":6,"column":18},"end":{"line":6,"column":53}},"4":{"start":{"line":7,"column":27},"end":{"line":7,"column":68}},"5":{"start":{"line":8,"column":15},"end":{"line":8,"column":41}},"6":{"start":{"line":43,"column":0},"end":{"line":43,"column":53}},"7":{"start":{"line":44,"column":0},"end":{"line":44,"column":25}}},"fnMap":{"0":{"name":"(anonymous_0)","decl":{"start":{"line":2,"column":56},"end":{"line":2,"column":57}},"loc":{"start":{"line":2,"column":71},"end":{"line":4,"column":1}},"line":2}},"branchMap":{"0":{"loc":{"start":{"line":2,"column":22},"end":{"line":4,"column":1}},"type":"binary-expr","locations":[{"start":{"line":2,"column":23},"end":{"line":2,"column":27}},{"start":{"line":2,"column":31},"end":{"line":2,"column":51}},{"start":{"line":2,"column":56},"end":{"line":4,"column":1}}],"line":2},"1":{"loc":{"start":{"line":3,"column":11},"end":{"line":3,"column":61}},"type":"cond-expr","locations":[{"start":{"line":3,"column":37},"end":{"line":3,"column":40}},{"start":{"line":3,"column":43},"end":{"line":3,"column":61}}],"line":3},"2":{"loc":{"start":{"line":3,"column":12},"end":{"line":3,"column":33}},"type":"binary-expr","locations":[{"start":{"line":3,"column":12},"end":{"line":3,"column":15}},{"start":{"line":3,"column":19},"end":{"line":3,"column":33}}],"line":3}},"s":{"0":2,"1":2,"2":2,"3":2,"4":2,"5":2,"6":2,"7":2},"f":{"0":2},"b":{"0":[2,2,2],"1":[0,2],"2":[2,2]},"inputSourceMap":null,"_coverageSchema":"1a1c01bbd47fc00a2c39e90264f33305004495a9","hash":"744a5122f347a0878b9b95492447c6a2bca75ce3"}
,"C:\\Users\\USUARIO\\OneDrive\\Escritorio\\laboratoria\\proyecto5\\DEV013-fleet-management-api\\build\\routes\\trajectories_routes.js": {"path":"C:\\Users\\USUARIO\\OneDrive\\Escritorio\\laboratoria\\proyecto5\\DEV013-fleet-management-api\\build\\routes\\trajectories_routes.js","statementMap":{"0":{"start":{"line":2,"column":22},"end":{"line":4,"column":1}},"1":{"start":{"line":3,"column":4},"end":{"line":3,"column":62}},"2":{"start":{"line":5,"column":0},"end":{"line":5,"column":62}},"3":{"start":{"line":6,"column":18},"end":{"line":6,"column":53}},"4":{"start":{"line":7,"column":34},"end":{"line":7,"column":82}},"5":{"start":{"line":8,"column":27},"end":{"line":8,"column":53}},"6":{"start":{"line":43,"column":0},"end":{"line":43,"column":86}},"7":{"start":{"line":75,"column":0},"end":{"line":75,"column":90}},"8":{"start":{"line":129,"column":0},"end":{"line":129,"column":83}},"9":{"start":{"line":130,"column":0},"end":{"line":130,"column":37}}},"fnMap":{"0":{"name":"(anonymous_0)","decl":{"start":{"line":2,"column":56},"end":{"line":2,"column":57}},"loc":{"start":{"line":2,"column":71},"end":{"line":4,"column":1}},"line":2}},"branchMap":{"0":{"loc":{"start":{"line":2,"column":22},"end":{"line":4,"column":1}},"type":"binary-expr","locations":[{"start":{"line":2,"column":23},"end":{"line":2,"column":27}},{"start":{"line":2,"column":31},"end":{"line":2,"column":51}},{"start":{"line":2,"column":56},"end":{"line":4,"column":1}}],"line":2},"1":{"loc":{"start":{"line":3,"column":11},"end":{"line":3,"column":61}},"type":"cond-expr","locations":[{"start":{"line":3,"column":37},"end":{"line":3,"column":40}},{"start":{"line":3,"column":43},"end":{"line":3,"column":61}}],"line":3},"2":{"loc":{"start":{"line":3,"column":12},"end":{"line":3,"column":33}},"type":"binary-expr","locations":[{"start":{"line":3,"column":12},"end":{"line":3,"column":15}},{"start":{"line":3,"column":19},"end":{"line":3,"column":33}}],"line":3}},"s":{"0":2,"1":2,"2":2,"3":2,"4":2,"5":2,"6":2,"7":2,"8":2,"9":2},"f":{"0":2},"b":{"0":[2,2,2],"1":[0,2],"2":[2,2]},"inputSourceMap":null,"_coverageSchema":"1a1c01bbd47fc00a2c39e90264f33305004495a9","hash":"9ec71a746a3be1f6cc4ded949ded8804c710401f"}
,"C:\\Users\\USUARIO\\OneDrive\\Escritorio\\laboratoria\\proyecto5\\DEV013-fleet-management-api\\build\\services\\db_taxis.js": {"path":"C:\\Users\\USUARIO\\OneDrive\\Escritorio\\laboratoria\\proyecto5\\DEV013-fleet-management-api\\build\\services\\db_taxis.js","statementMap":{"0":{"start":{"line":2,"column":16},"end":{"line":10,"column":1}},"1":{"start":{"line":3,"column":28},"end":{"line":3,"column":110}},"2":{"start":{"line":3,"column":91},"end":{"line":3,"column":106}},"3":{"start":{"line":4,"column":4},"end":{"line":9,"column":7}},"4":{"start":{"line":5,"column":36},"end":{"line":5,"column":97}},"5":{"start":{"line":5,"column":42},"end":{"line":5,"column":70}},"6":{"start":{"line":5,"column":85},"end":{"line":5,"column":95}},"7":{"start":{"line":6,"column":35},"end":{"line":6,"column":100}},"8":{"start":{"line":6,"column":41},"end":{"line":6,"column":73}},"9":{"start":{"line":6,"column":88},"end":{"line":6,"column":98}},"10":{"start":{"line":7,"column":32},"end":{"line":7,"column":116}},"11":{"start":{"line":8,"column":8},"end":{"line":8,"column":78}},"12":{"start":{"line":11,"column":22},"end":{"line":13,"column":1}},"13":{"start":{"line":12,"column":4},"end":{"line":12,"column":62}},"14":{"start":{"line":14,"column":0},"end":{"line":14,"column":62}},"15":{"start":{"line":15,"column":0},"end":{"line":15,"column":26}},"16":{"start":{"line":16,"column":13},"end":{"line":16,"column":46}},"17":{"start":{"line":17,"column":17},"end":{"line":23,"column":2}},"18":{"start":{"line":17,"column":33},"end":{"line":23,"column":2}},"19":{"start":{"line":18,"column":20},"end":{"line":21,"column":6}},"20":{"start":{"line":22,"column":4},"end":{"line":22,"column":19}},"21":{"start":{"line":24,"column":0},"end":{"line":24,"column":28}}},"fnMap":{"0":{"name":"(anonymous_0)","decl":{"start":{"line":2,"column":44},"end":{"line":2,"column":45}},"loc":{"start":{"line":2,"column":89},"end":{"line":10,"column":1}},"line":2},"1":{"name":"adopt","decl":{"start":{"line":3,"column":13},"end":{"line":3,"column":18}},"loc":{"start":{"line":3,"column":26},"end":{"line":3,"column":112}},"line":3},"2":{"name":"(anonymous_2)","decl":{"start":{"line":3,"column":70},"end":{"line":3,"column":71}},"loc":{"start":{"line":3,"column":89},"end":{"line":3,"column":108}},"line":3},"3":{"name":"(anonymous_3)","decl":{"start":{"line":4,"column":36},"end":{"line":4,"column":37}},"loc":{"start":{"line":4,"column":63},"end":{"line":9,"column":5}},"line":4},"4":{"name":"fulfilled","decl":{"start":{"line":5,"column":17},"end":{"line":5,"column":26}},"loc":{"start":{"line":5,"column":34},"end":{"line":5,"column":99}},"line":5},"5":{"name":"rejected","decl":{"start":{"line":6,"column":17},"end":{"line":6,"column":25}},"loc":{"start":{"line":6,"column":33},"end":{"line":6,"column":102}},"line":6},"6":{"name":"step","decl":{"start":{"line":7,"column":17},"end":{"line":7,"column":21}},"loc":{"start":{"line":7,"column":30},"end":{"line":7,"column":118}},"line":7},"7":{"name":"(anonymous_7)","decl":{"start":{"line":11,"column":56},"end":{"line":11,"column":57}},"loc":{"start":{"line":11,"column":71},"end":{"line":13,"column":1}},"line":11},"8":{"name":"(anonymous_8)","decl":{"start":{"line":17,"column":17},"end":{"line":17,"column":18}},"loc":{"start":{"line":17,"column":33},"end":{"line":23,"column":2}},"line":17},"9":{"name":"(anonymous_9)","decl":{"start":{"line":17,"column":67},"end":{"line":17,"column":68}},"loc":{"start":{"line":17,"column":80},"end":{"line":23,"column":1}},"line":17}},"branchMap":{"0":{"loc":{"start":{"line":2,"column":16},"end":{"line":10,"column":1}},"type":"binary-expr","locations":[{"start":{"line":2,"column":17},"end":{"line":2,"column":21}},{"start":{"line":2,"column":25},"end":{"line":2,"column":39}},{"start":{"line":2,"column":44},"end":{"line":10,"column":1}}],"line":2},"1":{"loc":{"start":{"line":3,"column":35},"end":{"line":3,"column":109}},"type":"cond-expr","locations":[{"start":{"line":3,"column":56},"end":{"line":3,"column":61}},{"start":{"line":3,"column":64},"end":{"line":3,"column":109}}],"line":3},"2":{"loc":{"start":{"line":4,"column":16},"end":{"line":4,"column":34}},"type":"binary-expr","locations":[{"start":{"line":4,"column":16},"end":{"line":4,"column":17}},{"start":{"line":4,"column":22},"end":{"line":4,"column":33}}],"line":4},"3":{"loc":{"start":{"line":7,"column":32},"end":{"line":7,"column":115}},"type":"cond-expr","locations":[{"start":{"line":7,"column":46},"end":{"line":7,"column":67}},{"start":{"line":7,"column":70},"end":{"line":7,"column":115}}],"line":7},"4":{"loc":{"start":{"line":8,"column":51},"end":{"line":8,"column":67}},"type":"binary-expr","locations":[{"start":{"line":8,"column":51},"end":{"line":8,"column":61}},{"start":{"line":8,"column":65},"end":{"line":8,"column":67}}],"line":8},"5":{"loc":{"start":{"line":11,"column":22},"end":{"line":13,"column":1}},"type":"binary-expr","locations":[{"start":{"line":11,"column":23},"end":{"line":11,"column":27}},{"start":{"line":11,"column":31},"end":{"line":11,"column":51}},{"start":{"line":11,"column":56},"end":{"line":13,"column":1}}],"line":11},"6":{"loc":{"start":{"line":12,"column":11},"end":{"line":12,"column":61}},"type":"cond-expr","locations":[{"start":{"line":12,"column":37},"end":{"line":12,"column":40}},{"start":{"line":12,"column":43},"end":{"line":12,"column":61}}],"line":12},"7":{"loc":{"start":{"line":12,"column":12},"end":{"line":12,"column":33}},"type":"binary-expr","locations":[{"start":{"line":12,"column":12},"end":{"line":12,"column":15}},{"start":{"line":12,"column":19},"end":{"line":12,"column":33}}],"line":12}},"s":{"0":2,"1":2,"2":2,"3":2,"4":2,"5":2,"6":0,"7":0,"8":0,"9":0,"10":4,"11":2,"12":2,"13":2,"14":2,"15":2,"16":2,"17":2,"18":2,"19":2,"20":2,"21":2},"f":{"0":2,"1":2,"2":2,"3":2,"4":2,"5":0,"6":4,"7":2,"8":2,"9":2},"b":{"0":[2,2,2],"1":[0,2],"2":[2,2],"3":[2,2],"4":[2,2],"5":[2,2,2],"6":[2,0],"7":[2,2]},"inputSourceMap":null,"_coverageSchema":"1a1c01bbd47fc00a2c39e90264f33305004495a9","hash":"8b6775e0dcdc4c6008a3b5f0640082894be44cd6"}
,"C:\\Users\\USUARIO\\OneDrive\\Escritorio\\laboratoria\\proyecto5\\DEV013-fleet-management-api\\build\\services\\db_trajectories.js": {"path":"C:\\Users\\USUARIO\\OneDrive\\Escritorio\\laboratoria\\proyecto5\\DEV013-fleet-management-api\\build\\services\\db_trajectories.js","statementMap":{"0":{"start":{"line":2,"column":16},"end":{"line":10,"column":1}},"1":{"start":{"line":3,"column":28},"end":{"line":3,"column":110}},"2":{"start":{"line":3,"column":91},"end":{"line":3,"column":106}},"3":{"start":{"line":4,"column":4},"end":{"line":9,"column":7}},"4":{"start":{"line":5,"column":36},"end":{"line":5,"column":97}},"5":{"start":{"line":5,"column":42},"end":{"line":5,"column":70}},"6":{"start":{"line":5,"column":85},"end":{"line":5,"column":95}},"7":{"start":{"line":6,"column":35},"end":{"line":6,"column":100}},"8":{"start":{"line":6,"column":41},"end":{"line":6,"column":73}},"9":{"start":{"line":6,"column":88},"end":{"line":6,"column":98}},"10":{"start":{"line":7,"column":32},"end":{"line":7,"column":116}},"11":{"start":{"line":8,"column":8},"end":{"line":8,"column":78}},"12":{"start":{"line":11,"column":22},"end":{"line":13,"column":1}},"13":{"start":{"line":12,"column":4},"end":{"line":12,"column":62}},"14":{"start":{"line":14,"column":0},"end":{"line":14,"column":62}},"15":{"start":{"line":15,"column":0},"end":{"line":15,"column":82}},"16":{"start":{"line":16,"column":13},"end":{"line":16,"column":46}},"17":{"start":{"line":17,"column":24},"end":{"line":23,"column":2}},"18":{"start":{"line":17,"column":40},"end":{"line":23,"column":2}},"19":{"start":{"line":18,"column":25},"end":{"line":21,"column":6}},"20":{"start":{"line":22,"column":4},"end":{"line":22,"column":24}},"21":{"start":{"line":24,"column":0},"end":{"line":24,"column":42}},"22":{"start":{"line":25,"column":24},"end":{"line":40,"column":2}},"23":{"start":{"line":25,"column":50},"end":{"line":40,"column":2}},"24":{"start":{"line":26,"column":20},"end":{"line":26,"column":34}},"25":{"start":{"line":27,"column":4},"end":{"line":27,"column":43}},"26":{"start":{"line":28,"column":31},"end":{"line":38,"column":6}},"27":{"start":{"line":39,"column":4},"end":{"line":39,"column":30}},"28":{"start":{"line":41,"column":0},"end":{"line":41,"column":42}},"29":{"start":{"line":42,"column":21},"end":{"line":63,"column":2}},"30":{"start":{"line":42,"column":37},"end":{"line":63,"column":2}},"31":{"start":{"line":43,"column":25},"end":{"line":61,"column":6}},"32":{"start":{"line":62,"column":4},"end":{"line":62,"column":24}},"33":{"start":{"line":64,"column":0},"end":{"line":64,"column":36}}},"fnMap":{"0":{"name":"(anonymous_0)","decl":{"start":{"line":2,"column":44},"end":{"line":2,"column":45}},"loc":{"start":{"line":2,"column":89},"end":{"line":10,"column":1}},"line":2},"1":{"name":"adopt","decl":{"start":{"line":3,"column":13},"end":{"line":3,"column":18}},"loc":{"start":{"line":3,"column":26},"end":{"line":3,"column":112}},"line":3},"2":{"name":"(anonymous_2)","decl":{"start":{"line":3,"column":70},"end":{"line":3,"column":71}},"loc":{"start":{"line":3,"column":89},"end":{"line":3,"column":108}},"line":3},"3":{"name":"(anonymous_3)","decl":{"start":{"line":4,"column":36},"end":{"line":4,"column":37}},"loc":{"start":{"line":4,"column":63},"end":{"line":9,"column":5}},"line":4},"4":{"name":"fulfilled","decl":{"start":{"line":5,"column":17},"end":{"line":5,"column":26}},"loc":{"start":{"line":5,"column":34},"end":{"line":5,"column":99}},"line":5},"5":{"name":"rejected","decl":{"start":{"line":6,"column":17},"end":{"line":6,"column":25}},"loc":{"start":{"line":6,"column":33},"end":{"line":6,"column":102}},"line":6},"6":{"name":"step","decl":{"start":{"line":7,"column":17},"end":{"line":7,"column":21}},"loc":{"start":{"line":7,"column":30},"end":{"line":7,"column":118}},"line":7},"7":{"name":"(anonymous_7)","decl":{"start":{"line":11,"column":56},"end":{"line":11,"column":57}},"loc":{"start":{"line":11,"column":71},"end":{"line":13,"column":1}},"line":11},"8":{"name":"(anonymous_8)","decl":{"start":{"line":17,"column":24},"end":{"line":17,"column":25}},"loc":{"start":{"line":17,"column":40},"end":{"line":23,"column":2}},"line":17},"9":{"name":"(anonymous_9)","decl":{"start":{"line":17,"column":74},"end":{"line":17,"column":75}},"loc":{"start":{"line":17,"column":87},"end":{"line":23,"column":1}},"line":17},"10":{"name":"(anonymous_10)","decl":{"start":{"line":25,"column":24},"end":{"line":25,"column":25}},"loc":{"start":{"line":25,"column":50},"end":{"line":40,"column":2}},"line":25},"11":{"name":"(anonymous_11)","decl":{"start":{"line":25,"column":84},"end":{"line":25,"column":85}},"loc":{"start":{"line":25,"column":97},"end":{"line":40,"column":1}},"line":25},"12":{"name":"(anonymous_12)","decl":{"start":{"line":42,"column":21},"end":{"line":42,"column":22}},"loc":{"start":{"line":42,"column":37},"end":{"line":63,"column":2}},"line":42},"13":{"name":"(anonymous_13)","decl":{"start":{"line":42,"column":71},"end":{"line":42,"column":72}},"loc":{"start":{"line":42,"column":84},"end":{"line":63,"column":1}},"line":42}},"branchMap":{"0":{"loc":{"start":{"line":2,"column":16},"end":{"line":10,"column":1}},"type":"binary-expr","locations":[{"start":{"line":2,"column":17},"end":{"line":2,"column":21}},{"start":{"line":2,"column":25},"end":{"line":2,"column":39}},{"start":{"line":2,"column":44},"end":{"line":10,"column":1}}],"line":2},"1":{"loc":{"start":{"line":3,"column":35},"end":{"line":3,"column":109}},"type":"cond-expr","locations":[{"start":{"line":3,"column":56},"end":{"line":3,"column":61}},{"start":{"line":3,"column":64},"end":{"line":3,"column":109}}],"line":3},"2":{"loc":{"start":{"line":4,"column":16},"end":{"line":4,"column":34}},"type":"binary-expr","locations":[{"start":{"line":4,"column":16},"end":{"line":4,"column":17}},{"start":{"line":4,"column":22},"end":{"line":4,"column":33}}],"line":4},"3":{"loc":{"start":{"line":7,"column":32},"end":{"line":7,"column":115}},"type":"cond-expr","locations":[{"start":{"line":7,"column":46},"end":{"line":7,"column":67}},{"start":{"line":7,"column":70},"end":{"line":7,"column":115}}],"line":7},"4":{"loc":{"start":{"line":8,"column":51},"end":{"line":8,"column":67}},"type":"binary-expr","locations":[{"start":{"line":8,"column":51},"end":{"line":8,"column":61}},{"start":{"line":8,"column":65},"end":{"line":8,"column":67}}],"line":8},"5":{"loc":{"start":{"line":11,"column":22},"end":{"line":13,"column":1}},"type":"binary-expr","locations":[{"start":{"line":11,"column":23},"end":{"line":11,"column":27}},{"start":{"line":11,"column":31},"end":{"line":11,"column":51}},{"start":{"line":11,"column":56},"end":{"line":13,"column":1}}],"line":11},"6":{"loc":{"start":{"line":12,"column":11},"end":{"line":12,"column":61}},"type":"cond-expr","locations":[{"start":{"line":12,"column":37},"end":{"line":12,"column":40}},{"start":{"line":12,"column":43},"end":{"line":12,"column":61}}],"line":12},"7":{"loc":{"start":{"line":12,"column":12},"end":{"line":12,"column":33}},"type":"binary-expr","locations":[{"start":{"line":12,"column":12},"end":{"line":12,"column":15}},{"start":{"line":12,"column":19},"end":{"line":12,"column":33}}],"line":12}},"s":{"0":2,"1":7,"2":7,"3":7,"4":7,"5":7,"6":0,"7":0,"8":0,"9":0,"10":14,"11":7,"12":2,"13":2,"14":2,"15":2,"16":2,"17":2,"18":3,"19":3,"20":3,"21":2,"22":2,"23":3,"24":3,"25":3,"26":3,"27":3,"28":2,"29":2,"30":1,"31":1,"32":1,"33":2},"f":{"0":7,"1":7,"2":7,"3":7,"4":7,"5":0,"6":14,"7":2,"8":3,"9":3,"10":3,"11":3,"12":1,"13":1},"b":{"0":[2,2,2],"1":[0,7],"2":[7,7],"3":[7,7],"4":[7,7],"5":[2,2,2],"6":[2,0],"7":[2,2]},"inputSourceMap":null,"_coverageSchema":"1a1c01bbd47fc00a2c39e90264f33305004495a9","hash":"6c15fdba8292d91461d301689ec7a8469382314e"}
,"C:\\Users\\USUARIO\\OneDrive\\Escritorio\\laboratoria\\proyecto5\\DEV013-fleet-management-api\\src\\app.ts": {"path":"C:\\Users\\USUARIO\\OneDrive\\Escritorio\\laboratoria\\proyecto5\\DEV013-fleet-management-api\\src\\app.ts","statementMap":{"0":{"start":{"line":1,"column":0},"end":{"line":1,"column":66}},"1":{"start":{"line":2,"column":0},"end":{"line":2,"column":43}},"2":{"start":{"line":3,"column":0},"end":{"line":3,"column":61}},"3":{"start":{"line":5,"column":0},"end":{"line":5,"column":43}},"4":{"start":{"line":6,"column":0},"end":{"line":6,"column":41}},"5":{"start":{"line":7,"column":0},"end":{"line":7,"column":41}},"6":{"start":{"line":10,"column":25},"end":{"line":10,"column":34}},"7":{"start":{"line":14,"column":0},"end":{"line":14,"column":24}},"8":{"start":{"line":16,"column":14},"end":{"line":16,"column":35}},"9":{"start":{"line":17,"column":0},"end":{"line":17,"column":null}},"10":{"start":{"line":20,"column":0},"end":{"line":20,"column":36}},"11":{"start":{"line":25,"column":0},"end":{"line":25,"column":19}}},"fnMap":{},"branchMap":{},"s":{"0":2,"1":2,"2":2,"3":2,"4":2,"5":2,"6":2,"7":2,"8":2,"9":2,"10":2,"11":2},"f":{},"b":{}}
,"C:\\Users\\USUARIO\\OneDrive\\Escritorio\\laboratoria\\proyecto5\\DEV013-fleet-management-api\\src\\db.ts": {"path":"C:\\Users\\USUARIO\\OneDrive\\Escritorio\\laboratoria\\proyecto5\\DEV013-fleet-management-api\\src\\db.ts","statementMap":{"0":{"start":{"line":1,"column":0},"end":{"line":1,"column":45}},"1":{"start":{"line":2,"column":15},"end":{"line":2,"column":33}},"2":{"start":{"line":5,"column":0},"end":{"line":5,"column":null}}},"fnMap":{},"branchMap":{},"s":{"0":2,"1":2,"2":2},"f":{},"b":{}}
,"C:\\Users\\USUARIO\\OneDrive\\Escritorio\\laboratoria\\proyecto5\\DEV013-fleet-management-api\\src\\swaggerOption.ts": {"path":"C:\\Users\\USUARIO\\OneDrive\\Escritorio\\laboratoria\\proyecto5\\DEV013-fleet-management-api\\src\\swaggerOption.ts","statementMap":{"0":{"start":{"line":1,"column":13},"end":{"line":78,"column":null}}},"fnMap":{},"branchMap":{},"s":{"0":2},"f":{},"b":{}}
,"C:\\Users\\USUARIO\\OneDrive\\Escritorio\\laboratoria\\proyecto5\\DEV013-fleet-management-api\\src\\controller\\taxis_controller.ts": {"path":"C:\\Users\\USUARIO\\OneDrive\\Escritorio\\laboratoria\\proyecto5\\DEV013-fleet-management-api\\src\\controller\\taxis_controller.ts","statementMap":{"0":{"start":{"line":3,"column":0},"end":{"line":3,"column":47}},"1":{"start":{"line":6,"column":36},"end":{"line":19,"column":null}},"2":{"start":{"line":6,"column":55},"end":{"line":19,"column":null}},"3":{"start":{"line":7,"column":4},"end":{"line":18,"column":7}},"4":{"start":{"line":9,"column":30},"end":{"line":9,"column":64}},"5":{"start":{"line":10,"column":30},"end":{"line":10,"column":64}},"6":{"start":{"line":11,"column":8},"end":{"line":13,"column":9}},"7":{"start":{"line":12,"column":10},"end":{"line":12,"column":118}},"8":{"start":{"line":14,"column":22},"end":{"line":14,"column":64}},"9":{"start":{"line":15,"column":8},"end":{"line":15,"column":36}},"10":{"start":{"line":17,"column":8},"end":{"line":17,"column":null}},"11":{"start":{"line":6,"column":13},"end":{"line":6,"column":36}}},"fnMap":{"0":{"name":"(anonymous_7)","decl":{"start":{"line":6,"column":36},"end":{"line":6,"column":43}},"loc":{"start":{"line":6,"column":55},"end":{"line":19,"column":null}}},"1":{"name":"(anonymous_8)","decl":{"start":{"line":6,"column":55},"end":{"line":6,"column":null}},"loc":{"start":{"line":6,"column":55},"end":{"line":19,"column":1}}}},"branchMap":{"0":{"loc":{"start":{"line":11,"column":8},"end":{"line":13,"column":9}},"type":"if","locations":[{"start":{"line":11,"column":8},"end":{"line":13,"column":9}}]},"1":{"loc":{"start":{"line":11,"column":12},"end":{"line":11,"column":26}},"type":"binary-expr","locations":[{"start":{"line":11,"column":12},"end":{"line":11,"column":17}},{"start":{"line":11,"column":21},"end":{"line":11,"column":26}}]}},"s":{"0":2,"1":2,"2":3,"3":3,"4":3,"5":3,"6":3,"7":1,"8":2,"9":2,"10":0,"11":2},"f":{"0":3,"1":3},"b":{"0":[1],"1":[3,2]}}
,"C:\\Users\\USUARIO\\OneDrive\\Escritorio\\laboratoria\\proyecto5\\DEV013-fleet-management-api\\src\\controller\\trajectories_controller.ts": {"path":"C:\\Users\\USUARIO\\OneDrive\\Escritorio\\laboratoria\\proyecto5\\DEV013-fleet-management-api\\src\\controller\\trajectories_controller.ts","statementMap":{"0":{"start":{"line":3,"column":0},"end":{"line":3,"column":92}},"1":{"start":{"line":6,"column":36},"end":{"line":24,"column":null}},"2":{"start":{"line":6,"column":55},"end":{"line":24,"column":null}},"3":{"start":{"line":7,"column":8},"end":{"line":23,"column":9}},"4":{"start":{"line":8,"column":34},"end":{"line":8,"column":71}},"5":{"start":{"line":9,"column":34},"end":{"line":9,"column":72}},"6":{"start":{"line":14,"column":31},"end":{"line":14,"column":48}},"7":{"start":{"line":15,"column":12},"end":{"line":17,"column":17}},"8":{"start":{"line":16,"column":16},"end":{"line":16,"column":124}},"9":{"start":{"line":19,"column":33},"end":{"line":19,"column":87}},"10":{"start":{"line":20,"column":12},"end":{"line":20,"column":54}},"11":{"start":{"line":22,"column":12},"end":{"line":22,"column":null}},"12":{"start":{"line":110,"column":9},"end":{"line":110,"column":27}},"13":{"start":{"line":27,"column":36},"end":{"line":54,"column":null}},"14":{"start":{"line":27,"column":54},"end":{"line":54,"column":null}},"15":{"start":{"line":28,"column":8},"end":{"line":53,"column":9}},"16":{"start":{"line":29,"column":29},"end":{"line":29,"column":38}},"17":{"start":{"line":30,"column":25},"end":{"line":30,"column":35}},"18":{"start":{"line":31,"column":28},"end":{"line":31,"column":52}},"19":{"start":{"line":33,"column":12},"end":{"line":35,"column":15}},"20":{"start":{"line":34,"column":16},"end":{"line":34,"column":null}},"21":{"start":{"line":37,"column":34},"end":{"line":37,"column":71}},"22":{"start":{"line":38,"column":34},"end":{"line":38,"column":72}},"23":{"start":{"line":39,"column":31},"end":{"line":39,"column":48}},"24":{"start":{"line":41,"column":12},"end":{"line":41,"column":51}},"25":{"start":{"line":43,"column":33},"end":{"line":43,"column":120}},"26":{"start":{"line":44,"column":12},"end":{"line":44,"column":54}},"27":{"start":{"line":46,"column":12},"end":{"line":48,"column":13}},"28":{"start":{"line":47,"column":16},"end":{"line":47,"column":118}},"29":{"start":{"line":49,"column":12},"end":{"line":49,"column":null}},"30":{"start":{"line":51,"column":12},"end":{"line":51,"column":null}},"31":{"start":{"line":110,"column":29},"end":{"line":110,"column":47}},"32":{"start":{"line":56,"column":33},"end":{"line":108,"column":null}},"33":{"start":{"line":56,"column":52},"end":{"line":108,"column":null}},"34":{"start":{"line":78,"column":8},"end":{"line":107,"column":13}},"35":{"start":{"line":79,"column":35},"end":{"line":79,"column":44}},"36":{"start":{"line":81,"column":12},"end":{"line":83,"column":13}},"37":{"start":{"line":82,"column":16},"end":{"line":82,"column":124}},"38":{"start":{"line":85,"column":28},"end":{"line":85,"column":56}},"39":{"start":{"line":86,"column":28},"end":{"line":86,"column":56}},"40":{"start":{"line":96,"column":12},"end":{"line":98,"column":13}},"41":{"start":{"line":97,"column":16},"end":{"line":97,"column":135}},"42":{"start":{"line":100,"column":12},"end":{"line":100,"column":41}},"43":{"start":{"line":101,"column":12},"end":{"line":101,"column":41}},"44":{"start":{"line":103,"column":29},"end":{"line":103,"column":65}},"45":{"start":{"line":104,"column":12},"end":{"line":104,"column":50}},"46":{"start":{"line":106,"column":16},"end":{"line":106,"column":72}},"47":{"start":{"line":110,"column":49},"end":{"line":110,"column":64}}},"fnMap":{"0":{"name":"(anonymous_7)","decl":{"start":{"line":6,"column":36},"end":{"line":6,"column":43}},"loc":{"start":{"line":6,"column":55},"end":{"line":24,"column":null}}},"1":{"name":"(anonymous_8)","decl":{"start":{"line":6,"column":55},"end":{"line":6,"column":null}},"loc":{"start":{"line":6,"column":55},"end":{"line":24,"column":5}}},"2":{"name":"(anonymous_9)","decl":{"start":{"line":27,"column":36},"end":{"line":27,"column":43}},"loc":{"start":{"line":27,"column":54},"end":{"line":54,"column":null}}},"3":{"name":"(anonymous_10)","decl":{"start":{"line":27,"column":54},"end":{"line":27,"column":null}},"loc":{"start":{"line":27,"column":54},"end":{"line":54,"column":5}}},"4":{"name":"(anonymous_11)","decl":{"start":{"line":56,"column":33},"end":{"line":56,"column":40}},"loc":{"start":{"line":56,"column":52},"end":{"line":108,"column":null}}},"5":{"name":"(anonymous_12)","decl":{"start":{"line":56,"column":52},"end":{"line":56,"column":null}},"loc":{"start":{"line":56,"column":52},"end":{"line":108,"column":5}}}},"branchMap":{"0":{"loc":{"start":{"line":8,"column":34},"end":{"line":8,"column":71}},"type":"binary-expr","locations":[{"start":{"line":8,"column":34},"end":{"line":8,"column":68}},{"start":{"line":8,"column":70},"end":{"line":8,"column":71}}]},"1":{"loc":{"start":{"line":9,"column":34},"end":{"line":9,"column":72}},"type":"binary-expr","locations":[{"start":{"line":9,"column":34},"end":{"line":9,"column":68}},{"start":{"line":9,"column":70},"end":{"line":9,"column":72}}]},"2":{"loc":{"start":{"line":15,"column":12},"end":{"line":17,"column":17}},"type":"if","locations":[{"start":{"line":15,"column":12},"end":{"line":17,"column":17}}]},"3":{"loc":{"start":{"line":15,"column":16},"end":{"line":15,"column":30}},"type":"binary-expr","locations":[{"start":{"line":15,"column":16},"end":{"line":15,"column":21}},{"start":{"line":15,"column":25},"end":{"line":15,"column":30}}]},"4":{"loc":{"start":{"line":33,"column":12},"end":{"line":35,"column":15}},"type":"if","locations":[{"start":{"line":33,"column":12},"end":{"line":35,"column":15}}]},"5":{"loc":{"start":{"line":33,"column":16},"end":{"line":33,"column":28}},"type":"binary-expr","locations":[{"start":{"line":33,"column":16},"end":{"line":33,"column":19}},{"start":{"line":33,"column":23},"end":{"line":33,"column":28}}]},"6":{"loc":{"start":{"line":37,"column":34},"end":{"line":37,"column":71}},"type":"binary-expr","locations":[{"start":{"line":37,"column":34},"end":{"line":37,"column":68}},{"start":{"line":37,"column":70},"end":{"line":37,"column":71}}]},"7":{"loc":{"start":{"line":38,"column":34},"end":{"line":38,"column":72}},"type":"binary-expr","locations":[{"start":{"line":38,"column":34},"end":{"line":38,"column":68}},{"start":{"line":38,"column":70},"end":{"line":38,"column":72}}]},"8":{"loc":{"start":{"line":46,"column":12},"end":{"line":48,"column":13}},"type":"if","locations":[{"start":{"line":46,"column":12},"end":{"line":48,"column":13}}]},"9":{"loc":{"start":{"line":81,"column":12},"end":{"line":83,"column":13}},"type":"if","locations":[{"start":{"line":81,"column":12},"end":{"line":83,"column":13}}]},"10":{"loc":{"start":{"line":81,"column":16},"end":{"line":81,"column":30}},"type":"binary-expr","locations":[{"start":{"line":81,"column":16},"end":{"line":81,"column":21}},{"start":{"line":81,"column":25},"end":{"line":81,"column":30}}]},"11":{"loc":{"start":{"line":96,"column":12},"end":{"line":98,"column":13}},"type":"if","locations":[{"start":{"line":96,"column":12},"end":{"line":98,"column":13}}]},"12":{"loc":{"start":{"line":96,"column":16},"end":{"line":96,"column":78}},"type":"binary-expr","locations":[{"start":{"line":96,"column":16},"end":{"line":96,"column":30}},{"start":{"line":96,"column":34},"end":{"line":96,"column":48}},{"start":{"line":96,"column":52},"end":{"line":96,"column":63}},{"start":{"line":96,"column":67},"end":{"line":96,"column":78}}]}},"s":{"0":2,"1":2,"2":4,"3":4,"4":4,"5":4,"6":4,"7":4,"8":1,"9":3,"10":3,"11":0,"12":2,"13":2,"14":4,"15":4,"16":4,"17":4,"18":4,"19":4,"20":1,"21":3,"22":3,"23":3,"24":3,"25":3,"26":3,"27":3,"28":0,"29":3,"30":0,"31":2,"32":2,"33":2,"34":2,"35":2,"36":2,"37":1,"38":1,"39":1,"40":1,"41":0,"42":1,"43":1,"44":1,"45":1,"46":0,"47":2},"f":{"0":4,"1":4,"2":4,"3":4,"4":2,"5":2},"b":{"0":[4,1],"1":[4,1],"2":[1],"3":[4,3],"4":[1],"5":[4,4],"6":[3,3],"7":[3,3],"8":[0],"9":[1],"10":[2,1],"11":[0],"12":[1,1,1,1]}}
,"C:\\Users\\USUARIO\\OneDrive\\Escritorio\\laboratoria\\proyecto5\\DEV013-fleet-management-api\\src\\routes\\taxis_routes.ts": {"path":"C:\\Users\\USUARIO\\OneDrive\\Escritorio\\laboratoria\\proyecto5\\DEV013-fleet-management-api\\src\\routes\\taxis_routes.ts","statementMap":{"0":{"start":{"line":1,"column":0},"end":{"line":1,"column":42}},"1":{"start":{"line":2,"column":0},"end":{"line":2,"column":60}},"2":{"start":{"line":3,"column":23},"end":{"line":3,"column":39}},"3":{"start":{"line":39,"column":0},"end":{"line":39,"column":34}},"4":{"start":{"line":42,"column":0},"end":{"line":42,"column":22}}},"fnMap":{},"branchMap":{},"s":{"0":2,"1":2,"2":2,"3":2,"4":2},"f":{},"b":{}}
,"C:\\Users\\USUARIO\\OneDrive\\Escritorio\\laboratoria\\proyecto5\\DEV013-fleet-management-api\\src\\routes\\trajectories_routes.ts": {"path":"C:\\Users\\USUARIO\\OneDrive\\Escritorio\\laboratoria\\proyecto5\\DEV013-fleet-management-api\\src\\routes\\trajectories_routes.ts","statementMap":{"0":{"start":{"line":1,"column":0},"end":{"line":1,"column":42}},"1":{"start":{"line":2,"column":0},"end":{"line":2,"column":110}},"2":{"start":{"line":4,"column":35},"end":{"line":4,"column":51}},"3":{"start":{"line":40,"column":0},"end":{"line":40,"column":61}},"4":{"start":{"line":73,"column":0},"end":{"line":73,"column":65}},"5":{"start":{"line":128,"column":0},"end":{"line":128,"column":57}},"6":{"start":{"line":131,"column":0},"end":{"line":131,"column":34}}},"fnMap":{},"branchMap":{},"s":{"0":2,"1":2,"2":2,"3":2,"4":2,"5":2,"6":2},"f":{},"b":{}}
,"C:\\Users\\USUARIO\\OneDrive\\Escritorio\\laboratoria\\proyecto5\\DEV013-fleet-management-api\\src\\services\\db_taxis.ts": {"path":"C:\\Users\\USUARIO\\OneDrive\\Escritorio\\laboratoria\\proyecto5\\DEV013-fleet-management-api\\src\\services\\db_taxis.ts","statementMap":{"0":{"start":{"line":1,"column":0},"end":{"line":1,"column":26}},"1":{"start":{"line":3,"column":24},"end":{"line":9,"column":null}},"2":{"start":{"line":3,"column":63},"end":{"line":9,"column":null}},"3":{"start":{"line":4,"column":20},"end":{"line":7,"column":6}},"4":{"start":{"line":8,"column":4},"end":{"line":8,"column":19}},"5":{"start":{"line":3,"column":13},"end":{"line":3,"column":24}}},"fnMap":{"0":{"name":"(anonymous_8)","decl":{"start":{"line":3,"column":24},"end":{"line":3,"column":32}},"loc":{"start":{"line":3,"column":63},"end":{"line":9,"column":null}}},"1":{"name":"(anonymous_9)","decl":{"start":{"line":3,"column":63},"end":{"line":3,"column":null}},"loc":{"start":{"line":3,"column":63},"end":{"line":9,"column":1}}}},"branchMap":{},"s":{"0":2,"1":2,"2":2,"3":2,"4":2,"5":2},"f":{"0":2,"1":2},"b":{}}
,"C:\\Users\\USUARIO\\OneDrive\\Escritorio\\laboratoria\\proyecto5\\DEV013-fleet-management-api\\src\\services\\db_trajectories.ts": {"path":"C:\\Users\\USUARIO\\OneDrive\\Escritorio\\laboratoria\\proyecto5\\DEV013-fleet-management-api\\src\\services\\db_trajectories.ts","statementMap":{"0":{"start":{"line":1,"column":0},"end":{"line":1,"column":26}},"1":{"start":{"line":3,"column":31},"end":{"line":9,"column":null}},"2":{"start":{"line":3,"column":83},"end":{"line":9,"column":null}},"3":{"start":{"line":4,"column":25},"end":{"line":7,"column":6}},"4":{"start":{"line":8,"column":4},"end":{"line":8,"column":24}},"5":{"start":{"line":3,"column":13},"end":{"line":3,"column":31}},"6":{"start":{"line":11,"column":31},"end":{"line":28,"column":2}},"7":{"start":{"line":11,"column":91},"end":{"line":28,"column":2}},"8":{"start":{"line":12,"column":20},"end":{"line":12,"column":34}},"9":{"start":{"line":14,"column":4},"end":{"line":14,"column":43}},"10":{"start":{"line":15,"column":32},"end":{"line":26,"column":6}},"11":{"start":{"line":27,"column":4},"end":{"line":27,"column":30}},"12":{"start":{"line":11,"column":13},"end":{"line":11,"column":31}},"13":{"start":{"line":30,"column":28},"end":{"line":53,"column":2}},"14":{"start":{"line":30,"column":62},"end":{"line":53,"column":2}},"15":{"start":{"line":32,"column":25},"end":{"line":51,"column":4}},"16":{"start":{"line":52,"column":2},"end":{"line":52,"column":null}},"17":{"start":{"line":30,"column":13},"end":{"line":30,"column":28}}},"fnMap":{"0":{"name":"(anonymous_8)","decl":{"start":{"line":3,"column":31},"end":{"line":3,"column":38}},"loc":{"start":{"line":3,"column":83},"end":{"line":9,"column":null}}},"1":{"name":"(anonymous_9)","decl":{"start":{"line":3,"column":83},"end":{"line":3,"column":null}},"loc":{"start":{"line":3,"column":83},"end":{"line":9,"column":1}}},"2":{"name":"(anonymous_10)","decl":{"start":{"line":11,"column":31},"end":{"line":11,"column":37}},"loc":{"start":{"line":11,"column":91},"end":{"line":28,"column":2}}},"3":{"name":"(anonymous_11)","decl":{"start":{"line":11,"column":91},"end":{"line":11,"column":null}},"loc":{"start":{"line":11,"column":91},"end":{"line":28,"column":1}}},"4":{"name":"(anonymous_12)","decl":{"start":{"line":30,"column":28},"end":{"line":30,"column":34}},"loc":{"start":{"line":30,"column":62},"end":{"line":53,"column":2}}},"5":{"name":"(anonymous_13)","decl":{"start":{"line":30,"column":62},"end":{"line":30,"column":null}},"loc":{"start":{"line":30,"column":62},"end":{"line":53,"column":1}}}},"branchMap":{},"s":{"0":2,"1":2,"2":3,"3":3,"4":3,"5":2,"6":2,"7":3,"8":3,"9":3,"10":3,"11":3,"12":2,"13":2,"14":1,"15":1,"16":1,"17":2},"f":{"0":3,"1":3,"2":3,"3":3,"4":1,"5":1},"b":{}}
}
