TN:
SF:build\app.js
FN:2,(anonymous_0)
FNF:1
FNH:1
FNDA:10,(anonymous_0)
DA:2,2
DA:3,10
DA:5,2
DA:6,2
DA:7,2
DA:8,2
DA:10,2
DA:11,2
DA:12,2
DA:13,2
DA:15,2
DA:16,2
DA:17,2
DA:19,2
DA:23,2
LF:15
LH:15
BRDA:2,0,0,2
BRDA:2,0,1,2
BRDA:2,0,2,2
BRDA:3,1,0,4
BRDA:3,1,1,6
BRDA:3,2,0,10
BRDA:3,2,1,10
BRF:7
BRH:7
end_of_record
TN:
SF:build\db.js
FNF:0
FNH:0
DA:2,2
DA:3,2
DA:4,2
DA:5,2
LF:4
LH:4
BRF:0
BRH:0
end_of_record
TN:
SF:build\swaggerOption.js
FNF:0
FNH:0
DA:2,2
DA:3,2
DA:4,2
LF:3
LH:3
BRF:0
BRH:0
end_of_record
TN:
SF:build\controller\taxis_controller.js
FN:2,(anonymous_0)
FN:3,adopt
FN:3,(anonymous_2)
FN:4,(anonymous_3)
FN:5,fulfilled
FN:6,rejected
FN:7,step
FN:15,(anonymous_7)
FN:15,(anonymous_8)
FNF:9
FNH:7
FNDA:3,(anonymous_0)
FNDA:2,adopt
FNDA:0,(anonymous_2)
FNDA:3,(anonymous_3)
FNDA:2,fulfilled
FNDA:0,rejected
FNDA:5,step
FNDA:3,(anonymous_7)
FNDA:3,(anonymous_8)
DA:2,2
DA:3,2
DA:4,3
DA:5,2
DA:6,0
DA:7,5
DA:8,3
DA:11,2
DA:12,2
DA:13,2
DA:15,3
DA:16,3
DA:18,3
DA:19,3
DA:20,3
DA:21,1
DA:23,2
DA:24,2
DA:27,0
DA:30,2
LF:20
LH:18
BRDA:2,0,0,2
BRDA:2,0,1,2
BRDA:2,0,2,2
BRDA:3,1,0,2
BRDA:3,1,1,0
BRDA:4,2,0,3
BRDA:4,2,1,3
BRDA:7,3,0,3
BRDA:7,3,1,2
BRDA:8,4,0,3
BRDA:8,4,1,3
BRDA:20,5,0,1
BRDA:20,5,1,2
BRDA:20,6,0,3
BRDA:20,6,1,2
BRF:15
BRH:14
end_of_record
TN:
SF:build\controller\trajectories_controller.js
FN:2,(anonymous_0)
FN:3,adopt
FN:3,(anonymous_2)
FN:4,(anonymous_3)
FN:5,fulfilled
FN:6,rejected
FN:7,step
FN:14,(anonymous_7)
FN:14,(anonymous_8)
FN:33,(anonymous_9)
FN:33,(anonymous_10)
FN:57,(anonymous_11)
FN:57,(anonymous_12)
FNF:13
FNH:11
FNDA:10,(anonymous_0)
FNDA:7,adopt
FNDA:0,(anonymous_2)
FNDA:10,(anonymous_3)
FNDA:7,fulfilled
FNDA:0,rejected
FNDA:17,step
FNDA:4,(anonymous_7)
FNDA:4,(anonymous_8)
FNDA:4,(anonymous_9)
FNDA:4,(anonymous_10)
FNDA:2,(anonymous_11)
FNDA:2,(anonymous_12)
DA:2,2
DA:3,7
DA:4,10
DA:5,7
DA:6,0
DA:7,17
DA:8,10
DA:11,2
DA:12,2
DA:13,2
DA:14,4
DA:15,4
DA:16,4
DA:17,4
DA:21,4
DA:22,4
DA:23,1
DA:25,3
DA:26,3
DA:29,0
DA:32,2
DA:33,4
DA:34,4
DA:35,4
DA:36,4
DA:37,4
DA:38,4
DA:39,1
DA:41,3
DA:42,3
DA:43,3
DA:44,3
DA:45,3
DA:46,3
DA:47,3
DA:48,0
DA:50,3
DA:53,0
DA:56,2
DA:57,2
DA:75,2
DA:76,2
DA:77,2
DA:78,1
DA:80,1
DA:81,1
DA:82,1
DA:83,0
DA:85,1
DA:86,0
DA:88,1
DA:89,1
DA:90,1
DA:91,1
DA:94,0
DA:97,2
LF:56
LH:49
BRDA:2,0,0,2
BRDA:2,0,1,2
BRDA:2,0,2,2
BRDA:3,1,0,7
BRDA:3,1,1,0
BRDA:4,2,0,10
BRDA:4,2,1,10
BRDA:7,3,0,10
BRDA:7,3,1,7
BRDA:8,4,0,10
BRDA:8,4,1,10
BRDA:16,5,0,4
BRDA:16,5,1,1
BRDA:17,6,0,4
BRDA:17,6,1,1
BRDA:22,7,0,1
BRDA:22,7,1,3
BRDA:22,8,0,4
BRDA:22,8,1,3
BRDA:38,9,0,1
BRDA:38,9,1,3
BRDA:38,10,0,4
BRDA:38,10,1,4
BRDA:41,11,0,3
BRDA:41,11,1,3
BRDA:42,12,0,3
BRDA:42,12,1,3
BRDA:47,13,0,0
BRDA:47,13,1,3
BRDA:77,14,0,1
BRDA:77,14,1,1
BRDA:77,15,0,2
BRDA:77,15,1,1
BRDA:82,16,0,0
BRDA:82,16,1,1
BRDA:82,17,0,1
BRDA:82,17,1,1
BRDA:85,18,0,0
BRDA:85,18,1,1
BRDA:85,19,0,1
BRDA:85,19,1,1
BRF:41
BRH:37
end_of_record
TN:
SF:build\routes\taxis_routes.js
FN:2,(anonymous_0)
FNF:1
FNH:1
FNDA:2,(anonymous_0)
DA:2,2
DA:3,2
DA:5,2
DA:6,2
DA:7,2
DA:8,2
DA:43,2
DA:44,2
LF:8
LH:8
BRDA:2,0,0,2
BRDA:2,0,1,2
BRDA:2,0,2,2
BRDA:3,1,0,0
BRDA:3,1,1,2
BRDA:3,2,0,2
BRDA:3,2,1,2
BRF:7
BRH:6
end_of_record
TN:
SF:build\routes\trajectories_routes.js
FN:2,(anonymous_0)
FNF:1
FNH:1
FNDA:2,(anonymous_0)
DA:2,2
DA:3,2
DA:5,2
DA:6,2
DA:7,2
DA:8,2
DA:43,2
DA:75,2
DA:129,2
DA:130,2
LF:10
LH:10
BRDA:2,0,0,2
BRDA:2,0,1,2
BRDA:2,0,2,2
BRDA:3,1,0,0
BRDA:3,1,1,2
BRDA:3,2,0,2
BRDA:3,2,1,2
BRF:7
BRH:6
end_of_record
TN:
SF:build\services\db_taxis.js
FN:2,(anonymous_0)
FN:3,adopt
FN:3,(anonymous_2)
FN:4,(anonymous_3)
FN:5,fulfilled
FN:6,rejected
FN:7,step
FN:11,(anonymous_7)
FN:17,(anonymous_8)
FN:17,(anonymous_9)
FNF:10
FNH:9
FNDA:2,(anonymous_0)
FNDA:2,adopt
FNDA:2,(anonymous_2)
FNDA:2,(anonymous_3)
FNDA:2,fulfilled
FNDA:0,rejected
FNDA:4,step
FNDA:2,(anonymous_7)
FNDA:2,(anonymous_8)
FNDA:2,(anonymous_9)
DA:2,2
DA:3,2
DA:4,2
DA:5,2
DA:6,0
DA:7,4
DA:8,2
DA:11,2
DA:12,2
DA:14,2
DA:15,2
DA:16,2
DA:17,2
DA:18,2
DA:22,2
DA:24,2
LF:16
LH:15
BRDA:2,0,0,2
BRDA:2,0,1,2
BRDA:2,0,2,2
BRDA:3,1,0,0
BRDA:3,1,1,2
BRDA:4,2,0,2
BRDA:4,2,1,2
BRDA:7,3,0,2
BRDA:7,3,1,2
BRDA:8,4,0,2
BRDA:8,4,1,2
BRDA:11,5,0,2
BRDA:11,5,1,2
BRDA:11,5,2,2
BRDA:12,6,0,2
BRDA:12,6,1,0
BRDA:12,7,0,2
BRDA:12,7,1,2
BRF:18
BRH:16
end_of_record
TN:
SF:build\services\db_trajectories.js
FN:2,(anonymous_0)
FN:3,adopt
FN:3,(anonymous_2)
FN:4,(anonymous_3)
FN:5,fulfilled
FN:6,rejected
FN:7,step
FN:11,(anonymous_7)
FN:17,(anonymous_8)
FN:17,(anonymous_9)
FN:25,(anonymous_10)
FN:25,(anonymous_11)
FN:42,(anonymous_12)
FN:42,(anonymous_13)
FNF:14
FNH:13
FNDA:7,(anonymous_0)
FNDA:7,adopt
FNDA:7,(anonymous_2)
FNDA:7,(anonymous_3)
FNDA:7,fulfilled
FNDA:0,rejected
FNDA:14,step
FNDA:2,(anonymous_7)
FNDA:3,(anonymous_8)
FNDA:3,(anonymous_9)
FNDA:3,(anonymous_10)
FNDA:3,(anonymous_11)
FNDA:1,(anonymous_12)
FNDA:1,(anonymous_13)
DA:2,2
DA:3,7
DA:4,7
DA:5,7
DA:6,0
DA:7,14
DA:8,7
DA:11,2
DA:12,2
DA:14,2
DA:15,2
DA:16,2
DA:17,3
DA:18,3
DA:22,3
DA:24,2
DA:25,3
DA:26,3
DA:27,3
DA:28,3
DA:39,3
DA:41,2
DA:42,2
DA:43,1
DA:62,1
DA:64,2
LF:26
LH:25
BRDA:2,0,0,2
BRDA:2,0,1,2
BRDA:2,0,2,2
BRDA:3,1,0,0
BRDA:3,1,1,7
BRDA:4,2,0,7
BRDA:4,2,1,7
BRDA:7,3,0,7
BRDA:7,3,1,7
BRDA:8,4,0,7
BRDA:8,4,1,7
BRDA:11,5,0,2
BRDA:11,5,1,2
BRDA:11,5,2,2
BRDA:12,6,0,2
BRDA:12,6,1,0
BRDA:12,7,0,2
BRDA:12,7,1,2
BRF:18
BRH:16
end_of_record
TN:
SF:src\app.ts
FNF:0
FNH:0
DA:1,2
DA:2,2
DA:3,2
DA:5,2
DA:6,2
DA:7,2
DA:10,2
DA:14,2
DA:16,2
DA:17,2
DA:20,2
DA:25,2
LF:12
LH:12
BRF:0
BRH:0
end_of_record
TN:
SF:src\db.ts
FNF:0
FNH:0
DA:1,2
DA:2,2
DA:5,2
LF:3
LH:3
BRF:0
BRH:0
end_of_record
TN:
SF:src\swaggerOption.ts
FNF:0
FNH:0
DA:1,2
LF:1
LH:1
BRF:0
BRH:0
end_of_record
TN:
SF:src\controller\taxis_controller.ts
FN:6,(anonymous_7)
FN:6,(anonymous_8)
FNF:2
FNH:2
FNDA:3,(anonymous_7)
FNDA:3,(anonymous_8)
DA:3,2
DA:6,3
DA:7,3
DA:9,3
DA:10,3
DA:11,3
DA:12,1
DA:14,2
DA:15,2
DA:17,0
LF:10
LH:9
BRDA:11,0,0,1
BRDA:11,1,0,3
BRDA:11,1,1,2
BRF:3
BRH:3
end_of_record
TN:
SF:src\controller\trajectories_controller.ts
FN:6,(anonymous_7)
FN:6,(anonymous_8)
FN:27,(anonymous_9)
FN:27,(anonymous_10)
FN:56,(anonymous_11)
FN:56,(anonymous_12)
FNF:6
FNH:6
FNDA:4,(anonymous_7)
FNDA:4,(anonymous_8)
FNDA:4,(anonymous_9)
FNDA:4,(anonymous_10)
FNDA:2,(anonymous_11)
FNDA:2,(anonymous_12)
DA:3,2
DA:6,4
DA:7,4
DA:8,4
DA:9,4
DA:14,4
DA:15,4
DA:16,1
DA:19,3
DA:20,3
DA:22,0
DA:27,4
DA:28,4
DA:29,4
DA:30,4
DA:31,4
DA:33,4
DA:34,1
DA:37,3
DA:38,3
DA:39,3
DA:41,3
DA:43,3
DA:44,3
DA:46,3
DA:47,0
DA:49,3
DA:51,0
DA:56,2
DA:78,2
DA:79,2
DA:81,2
DA:82,1
DA:85,1
DA:86,1
DA:96,1
DA:97,0
DA:100,1
DA:101,1
DA:103,1
DA:104,1
DA:106,0
DA:110,2
LF:43
LH:38
BRDA:8,0,0,4
BRDA:8,0,1,1
BRDA:9,1,0,4
BRDA:9,1,1,1
BRDA:15,2,0,1
BRDA:15,3,0,4
BRDA:15,3,1,3
BRDA:33,4,0,1
BRDA:33,5,0,4
BRDA:33,5,1,4
BRDA:37,6,0,3
BRDA:37,6,1,3
BRDA:38,7,0,3
BRDA:38,7,1,3
BRDA:46,8,0,0
BRDA:81,9,0,1
BRDA:81,10,0,2
BRDA:81,10,1,1
BRDA:96,11,0,0
BRDA:96,12,0,1
BRDA:96,12,1,1
BRDA:96,12,2,1
BRDA:96,12,3,1
BRF:23
BRH:21
end_of_record
TN:
SF:src\routes\taxis_routes.ts
FNF:0
FNH:0
DA:1,2
DA:2,2
DA:3,2
DA:39,2
DA:42,2
LF:5
LH:5
BRF:0
BRH:0
end_of_record
TN:
SF:src\routes\trajectories_routes.ts
FNF:0
FNH:0
DA:1,2
DA:2,2
DA:4,2
DA:40,2
DA:73,2
DA:128,2
DA:131,2
LF:7
LH:7
BRF:0
BRH:0
end_of_record
TN:
SF:src\services\db_taxis.ts
FN:3,(anonymous_8)
FN:3,(anonymous_9)
FNF:2
FNH:2
FNDA:2,(anonymous_8)
FNDA:2,(anonymous_9)
DA:1,2
DA:3,2
DA:4,2
DA:8,2
LF:4
LH:4
BRF:0
BRH:0
end_of_record
TN:
SF:src\services\db_trajectories.ts
FN:3,(anonymous_8)
FN:3,(anonymous_9)
FN:11,(anonymous_10)
FN:11,(anonymous_11)
FN:30,(anonymous_12)
FN:30,(anonymous_13)
FNF:6
FNH:6
FNDA:3,(anonymous_8)
FNDA:3,(anonymous_9)
FNDA:3,(anonymous_10)
FNDA:3,(anonymous_11)
FNDA:1,(anonymous_12)
FNDA:1,(anonymous_13)
DA:1,2
DA:3,3
DA:4,3
DA:8,3
DA:11,3
DA:12,3
DA:14,3
DA:15,3
DA:27,3
DA:30,2
DA:32,1
DA:52,1
LF:12
LH:12
BRF:0
BRH:0
end_of_record
