TN:
SF:src\app.ts
FNF:0
FNH:0
DA:1,2
DA:2,2
DA:3,2
DA:5,2
DA:6,2
DA:7,2
DA:10,2
DA:14,2
DA:16,2
DA:17,2
DA:20,2
DA:25,2
LF:12
LH:12
BRF:0
BRH:0
end_of_record
TN:
SF:src\db.ts
FNF:0
FNH:0
DA:1,2
DA:2,2
DA:5,2
LF:3
LH:3
BRF:0
BRH:0
end_of_record
TN:
SF:src\swaggerOption.ts
FNF:0
FNH:0
DA:1,2
LF:1
LH:1
BRF:0
BRH:0
end_of_record
TN:
SF:src\controller\taxis_controller.ts
FN:6,(anonymous_7)
FN:6,(anonymous_8)
FNF:2
FNH:2
FNDA:3,(anonymous_7)
FNDA:3,(anonymous_8)
DA:3,2
DA:6,3
DA:7,3
DA:9,3
DA:10,3
DA:11,3
DA:12,1
DA:14,2
DA:15,2
DA:17,0
LF:10
LH:9
BRDA:11,0,0,1
BRDA:11,1,0,3
BRDA:11,1,1,2
BRF:3
BRH:3
end_of_record
TN:
SF:src\controller\trajectories_controller.ts
FN:6,(anonymous_7)
FN:6,(anonymous_8)
FN:23,(anonymous_9)
FN:23,(anonymous_10)
FNF:4
FNH:2
FNDA:4,(anonymous_7)
FNDA:4,(anonymous_8)
FNDA:0,(anonymous_9)
FNDA:0,(anonymous_10)
DA:3,2
DA:6,4
DA:7,4
DA:8,4
DA:9,4
DA:10,4
DA:12,4
DA:13,1
DA:15,3
DA:16,3
DA:18,0
DA:23,2
DA:24,0
DA:25,0
DA:26,0
DA:27,0
DA:29,0
DA:30,0
DA:33,0
DA:34,0
DA:35,0
DA:37,0
DA:39,0
DA:41,0
DA:42,0
DA:44,0
DA:46,0
DA:52,2
LF:28
LH:12
BRDA:8,0,0,4
BRDA:8,0,1,1
BRDA:9,1,0,4
BRDA:9,1,1,1
BRDA:12,2,0,1
BRDA:12,3,0,4
BRDA:12,3,1,3
BRDA:29,4,0,0
BRDA:29,5,0,0
BRDA:29,5,1,0
BRDA:33,6,0,0
BRDA:33,6,1,0
BRDA:34,7,0,0
BRDA:34,7,1,0
BRDA:41,8,0,0
BRF:15
BRH:7
end_of_record
TN:
SF:src\routes\taxis_routes.ts
FNF:0
FNH:0
DA:1,2
DA:2,2
DA:3,2
DA:39,2
DA:42,2
LF:5
LH:5
BRF:0
BRH:0
end_of_record
TN:
SF:src\routes\trajectories_routes.ts
FNF:0
FNH:0
DA:1,2
DA:2,2
DA:4,2
DA:40,2
DA:73,2
DA:78,2
LF:6
LH:6
BRF:0
BRH:0
end_of_record
TN:
SF:src\services\db_taxis.ts
FN:3,(anonymous_8)
FN:3,(anonymous_9)
FNF:2
FNH:2
FNDA:2,(anonymous_8)
FNDA:2,(anonymous_9)
DA:1,2
DA:3,2
DA:4,2
DA:8,2
LF:4
LH:4
BRF:0
BRH:0
end_of_record
TN:
SF:src\services\db_trajectories.ts
FN:3,(anonymous_8)
FN:3,(anonymous_9)
FN:11,(anonymous_10)
FN:11,(anonymous_11)
FNF:4
FNH:2
FNDA:3,(anonymous_8)
FNDA:3,(anonymous_9)
FNDA:0,(anonymous_10)
FNDA:0,(anonymous_11)
DA:1,2
DA:3,3
DA:4,3
DA:8,3
DA:11,2
DA:12,0
DA:14,0
DA:15,0
DA:27,0
LF:9
LH:5
BRF:0
BRH:0
end_of_record
